[Sat Dec 19 00:54:55.321 2015] 0.003 sec 0.003 sec [ext2/1/ext 248 (0,10)] [page_core] доктрина
[Sat Dec 19 00:56:50.608 2015] 0.000 sec 0.000 sec [ext2/1/ext 248 (0,10)] [page_core] доктрина
[Sat Dec 19 00:59:51.749 2015] 0.000 sec 0.000 sec [ext2/1/ext 248 (0,10)] [page_core] доктрина
[Sat Dec 19 01:00:06.712 2015] 0.000 sec 0.000 sec [ext2/1/ext 248 (0,10)] [page_core] доктрина
[Sat Dec 19 01:00:33.273 2015] 0.000 sec 0.000 sec [ext2/1/ext 248 (0,10)] [page_core] доктрина
[Sat Dec 19 01:00:55.139 2015] 0.000 sec 0.000 sec [ext2/1/ext 248 (0,10)] [page_core] доктрина
[Sat Dec 19 01:01:03.694 2015] 0.000 sec 0.000 sec [ext2/1/ext 248 (0,10)] [page_core] доктрина
[Sat Dec 19 01:01:07.556 2015] 0.000 sec 0.000 sec [ext2/1/ext 248 (0,10)] [page_core] доктрина
[Sat Dec 19 01:01:24.428 2015] 0.000 sec 0.000 sec [ext2/1/ext 248 (0,10)] [page_core] доктрина
[Sat Dec 19 01:01:32.688 2015] 0.000 sec 0.000 sec [ext2/1/ext 248 (0,10)] [page_core] доктрина
[Sat Dec 19 01:04:03.635 2015] 0.000 sec 0.000 sec [ext2/1/ext 248 (0,10)] [page_core] доктрина
[Sat Dec 19 01:05:14.289 2015] 0.000 sec 0.000 sec [ext2/1/ext 248 (0,10)] [page_core] доктрина
[Sat Dec 19 01:05:18.450 2015] 0.000 sec 0.000 sec [ext2/1/ext 248 (0,10)] [page_core] доктрина
[Sat Dec 19 01:05:28.936 2015] 0.000 sec 0.000 sec [ext2/1/ext 248 (0,10)] [page_core] доктрина
[Sat Dec 19 01:05:31.673 2015] 0.000 sec 0.000 sec [ext2/1/ext 248 (0,10)] [page_core] доктрина
[Sat Dec 19 01:05:45.209 2015] 0.000 sec 0.000 sec [ext2/1/ext 248 (0,20)] [page_core] доктрина
[Sat Dec 19 01:07:40.702 2015] 0.000 sec 0.000 sec [ext2/1/ext 248 (0,20)] [page_core] доктрина
[Sat Dec 19 01:07:43.513 2015] 0.000 sec 0.000 sec [ext2/1/ext 248 (0,20)] [page_core] доктрина
[Sat Dec 19 01:08:02.213 2015] 0.000 sec 0.000 sec [ext2/1/ext 248 (0,20)] [page_core] доктрина
[Sat Dec 19 01:10:16.668 2015] 0.000 sec 0.000 sec [ext2/1/ext 474 (0,20)] [page_core] доктрина
[Sat Dec 19 01:14:07.332 2015] 0.000 sec 0.000 sec [ext2/1/ext 474 (0,20)] [page_core] доктрина
[Sat Dec 19 01:14:22.522 2015] 0.000 sec 0.000 sec [ext2/1/ext 474 (0,20)] [page_core] доктрина
[Sat Dec 19 01:14:31.217 2015] 0.000 sec 0.000 sec [ext2/1/ext 474 (0,20)] [page_core] доктрина
[Sat Dec 19 01:19:59.795 2015] 0.000 sec 0.000 sec [ext2/1/ext 474 (0,20)] [page_core] доктрина
[Sat Dec 19 01:26:57.533 2015] 0.000 sec 0.000 sec [ext2/1/ext 474 (0,20)] [page_core] доктрина
[Sat Dec 19 01:44:42.175 2015] 0.000 sec 0.000 sec [ext2/1/ext 474 (0,20)] [page_core] доктрина
[Sat Dec 19 01:46:00.692 2015] 0.000 sec 0.000 sec [ext2/1/ext 474 (0,20)] [page_core] доктрина
[Sat Dec 19 02:01:51.747 2015] 0.000 sec 0.000 sec [ext2/1/ext 474 (0,20)] [page_core] доктрина
[Sat Dec 19 02:01:58.270 2015] 0.000 sec 0.000 sec [ext2/1/ext 474 (0,20)] [page_core] доктрина
[Sat Dec 19 02:37:31.277 2015] 0.000 sec 0.000 sec [ext2/1/ext 474 (0,20)] [page_core] доктрина
[Sat Dec 19 02:48:12.993 2015] 0.000 sec 0.000 sec [ext2/1/ext 474 (0,20)] [page_core] доктрина
[Sat Dec 19 02:49:31.335 2015] 0.000 sec 0.000 sec [ext2/1/ext 474 (0,20)] [page_core] доктрина
[Sat Dec 19 12:22:39.496 2015] 0.000 sec 0.000 sec [ext2/1/ext 474 (0,20)] [page_core] доктрина
[Sat Dec 19 17:06:12.693 2015] 0.000 sec 0.000 sec [ext2/1/ext 487 (0,20)] [page_core] доктрина
[Sat Dec 19 17:08:38.784 2015] 0.000 sec 0.000 sec [ext2/2/ext 153 (0,20)] [page_core] доктрина
[Sat Dec 19 17:12:50.643 2015] 0.000 sec 0.000 sec [ext2/2/ext 132 (0,20)] [page_core] доктрина
[Sat Dec 19 17:13:14.570 2015] 0.000 sec 0.000 sec [ext2/1/ext 487 (0,20)] [page_core] доктрина
[Sat Dec 19 17:13:37.642 2015] 0.000 sec 0.000 sec [ext2/1/ext 487 (0,20)] [page_core] доктрина
[Sat Dec 19 17:14:02.632 2015] 0.000 sec 0.000 sec [ext2/1/ext 487 (0,20)] [page_core] доктрина
[Sat Dec 19 17:14:12.207 2015] 0.000 sec 0.000 sec [ext2/2/ext 132 (0,20)] [page_core] доктрина
[Sat Dec 19 17:20:41.677 2015] 0.000 sec 0.000 sec [ext2/2/ext 153 (0,20)] [page_core] доктрина
[Sat Dec 19 17:21:00.574 2015] 0.000 sec 0.000 sec [ext2/2/ext 153 (0,20)] [page_core] доктрина
[Sat Dec 19 17:21:55.892 2015] 0.000 sec 0.000 sec [ext2/2/ext 153 (20,20)] [page_core] доктрина
[Sat Dec 19 17:22:02.307 2015] 0.000 sec 0.000 sec [ext2/2/ext 153 (0,20)] [page_core] доктрина
[Sat Dec 19 17:22:21.334 2015] 0.000 sec 0.000 sec [ext2/2/ext 153 (0,20)] [page_core] доктрина
[Sat Dec 19 17:22:27.011 2015] 0.000 sec 0.000 sec [ext2/2/ext 153 (20,20)] [page_core] доктрина
[Sat Dec 19 17:27:18.228 2015] 0.000 sec 0.000 sec [ext2/2/ext 153 (0,20)] [page_core] доктрина
[Sat Dec 19 17:38:13.037 2015] 0.000 sec 0.000 sec [ext2/2/ext 153 (0,20)] [page_core] доктрина
[Sat Dec 19 17:38:30.472 2015] 0.000 sec 0.000 sec [ext2/2/ext 153 (0,20)] [page_core] доктрина
[Sat Dec 19 17:38:34.732 2015] 0.000 sec 0.000 sec [ext2/2/ext 153 (0,20)] [page_core] доктрина
[Sat Dec 19 17:38:48.786 2015] 0.000 sec 0.000 sec [ext2/2/ext 153 (0,20)] [page_core] доктрина
[Sat Dec 19 17:38:52.416 2015] 0.000 sec 0.000 sec [ext2/2/ext 153 (0,20)] [page_core] доктрина
[Sat Dec 19 17:39:35.222 2015] 0.000 sec 0.000 sec [ext2/2/ext 153 (0,20)] [page_core] доктрина
[Sat Dec 19 17:39:35.272 2015] 0.000 sec 0.000 sec [ext2/2/ext 153 (140,20)] [page_core] доктрина
[Sat Dec 19 17:39:50.496 2015] 0.000 sec 0.000 sec [ext2/2/ext 153 (0,20)] [page_core] доктрина
[Sat Dec 19 17:39:50.525 2015] 0.000 sec 0.000 sec [ext2/2/ext 153 (120,20)] [page_core] доктрина
[Sat Dec 19 17:39:53.081 2015] 0.000 sec 0.000 sec [ext2/2/ext 153 (0,20)] [page_core] доктрина
[Sat Dec 19 17:39:53.113 2015] 0.000 sec 0.000 sec [ext2/2/ext 153 (140,20)] [page_core] доктрина
[Sat Dec 19 17:39:56.476 2015] 0.000 sec 0.000 sec [ext2/2/ext 153 (0,20)] [page_core] доктрина
[Sat Dec 19 17:39:56.506 2015] 0.000 sec 0.000 sec [ext2/2/ext 153 (0,20)] [page_core] доктрина
[Sat Dec 19 17:42:29.135 2015] 0.000 sec 0.000 sec [ext2/2/ext 153 (0,20)] [page_core] доктрина
[Sat Dec 19 17:42:29.166 2015] 0.000 sec 0.000 sec [ext2/2/ext 153 (0,20)] [page_core] доктрина
[Sat Dec 19 17:43:01.522 2015] 0.000 sec 0.000 sec [ext2/2/ext 153 (0,20)] [page_core] доктрина
[Sat Dec 19 17:43:01.561 2015] 0.000 sec 0.000 sec [ext2/2/ext 153 (0,20)] [page_core] доктрина
[Sat Dec 19 17:43:07.358 2015] 0.000 sec 0.000 sec [ext2/2/ext 153 (0,20)] [page_core] доктрина
[Sat Dec 19 17:43:07.387 2015] 0.000 sec 0.000 sec [ext2/2/ext 153 (0,20)] [page_core] доктрина
[Sat Dec 19 17:43:19.244 2015] 0.000 sec 0.000 sec [ext2/2/ext 153 (0,20)] [page_core] доктрина
[Sat Dec 19 17:43:19.304 2015] 0.000 sec 0.000 sec [ext2/2/ext 153 (0,20)] [page_core] доктрина
[Sat Dec 19 17:43:49.783 2015] 0.000 sec 0.000 sec [ext2/2/ext 153 (0,20)] [page_core] доктрина
[Sat Dec 19 17:43:49.855 2015] 0.000 sec 0.000 sec [ext2/2/ext 153 (0,20)] [page_core] доктрина
[Sat Dec 19 17:45:05.657 2015] 0.000 sec 0.000 sec [ext2/2/ext 153 (0,20)] [page_core] доктрина
[Sat Dec 19 17:45:05.976 2015] 0.000 sec 0.000 sec [ext2/2/ext 153 (0,20)] [page_core] доктрина
[Sat Dec 19 17:45:14.002 2015] 0.000 sec 0.000 sec [ext2/2/ext 153 (0,20)] [page_core] доктрина
[Sat Dec 19 17:45:14.036 2015] 0.000 sec 0.000 sec [ext2/2/ext 153 (0,20)] [page_core] доктрина
[Sat Dec 19 17:47:46.483 2015] 0.000 sec 0.000 sec [ext2/2/ext 153 (0,20)] [page_core] доктрина
[Sat Dec 19 17:47:46.523 2015] 0.000 sec 0.000 sec [ext2/2/ext 153 (0,20)] [page_core] доктрина
[Sat Dec 19 17:53:44.493 2015] 0.000 sec 0.000 sec [ext2/2/ext 153 (0,20)] [page_core] доктрина
[Sat Dec 19 17:53:44.529 2015] 0.000 sec 0.000 sec [ext2/2/ext 153 (0,20)] [page_core] доктрина
[Sat Dec 19 17:53:48.846 2015] 0.000 sec 0.000 sec [ext2/2/ext 153 (0,20)] [page_core] доктрина
[Sat Dec 19 17:53:48.879 2015] 0.000 sec 0.000 sec [ext2/2/ext 153 (0,20)] [page_core] доктрина
[Sat Dec 19 17:54:07.446 2015] 0.000 sec 0.000 sec [ext2/2/ext 153 (0,20)] [page_core] доктрина
[Sat Dec 19 17:55:04.806 2015] 0.000 sec 0.000 sec [ext2/2/ext 153 (0,20)] [page_core] доктрина
[Sat Dec 19 17:55:24.667 2015] 0.000 sec 0.000 sec [ext2/2/ext 153 (0,20)] [page_core] доктрина
[Sat Dec 19 17:56:49.972 2015] 0.000 sec 0.000 sec [ext2/2/ext 153 (0,20)] [page_core] доктрина
[Sat Dec 19 17:57:01.600 2015] 0.000 sec 0.000 sec [ext2/2/ext 153 (0,20)] [page_core] доктрина
[Sat Dec 19 17:57:21.220 2015] 0.000 sec 0.000 sec [ext2/2/ext 153 (0,20)] [page_core] доктрина
[Sat Dec 19 17:57:21.263 2015] 0.000 sec 0.000 sec [ext2/2/ext 153 (0,20)] [page_core] доктрина
[Sat Dec 19 17:57:24.918 2015] 0.000 sec 0.000 sec [ext2/2/ext 153 (0,20)] [page_core] доктрина
[Sat Dec 19 17:57:24.950 2015] 0.000 sec 0.000 sec [ext2/2/ext 153 (0,20)] [page_core] доктрина
[Sat Dec 19 17:57:28.516 2015] 0.000 sec 0.000 sec [ext2/2/ext 153 (0,20)] [page_core] доктрина
[Sat Dec 19 17:57:28.550 2015] 0.000 sec 0.000 sec [ext2/2/ext 153 (0,20)] [page_core] доктрина
[Sat Dec 19 17:57:31.150 2015] 0.000 sec 0.000 sec [ext2/2/ext 153 (0,20)] [page_core] доктрина
[Sat Dec 19 17:57:31.179 2015] 0.000 sec 0.000 sec [ext2/2/ext 153 (0,20)] [page_core] доктрина
[Sat Dec 19 17:57:39.453 2015] 0.000 sec 0.000 sec [ext2/2/ext 153 (0,20)] [page_core] доктрина
[Sat Dec 19 17:57:39.497 2015] 0.000 sec 0.000 sec [ext2/2/ext 153 (0,20)] [page_core] доктрина
[Sat Dec 19 17:57:40.802 2015] 0.000 sec 0.000 sec [ext2/2/ext 153 (0,20)] [page_core] доктрина
[Sat Dec 19 17:57:40.830 2015] 0.000 sec 0.000 sec [ext2/2/ext 153 (0,20)] [page_core] доктрина
[Sat Dec 19 17:57:43.161 2015] 0.000 sec 0.000 sec [ext2/2/ext 153 (0,20)] [page_core] доктрина
[Sat Dec 19 17:57:43.191 2015] 0.000 sec 0.000 sec [ext2/2/ext 153 (0,20)] [page_core] доктрина
[Sat Dec 19 17:57:45.602 2015] 0.000 sec 0.000 sec [ext2/2/ext 153 (0,20)] [page_core] доктрина
[Sat Dec 19 17:57:45.633 2015] 0.000 sec 0.000 sec [ext2/2/ext 153 (0,20)] [page_core] доктрина
[Sat Dec 19 17:59:04.558 2015] 0.000 sec 0.000 sec [ext2/2/ext 153 (0,20)] [page_core] доктрина
[Sat Dec 19 17:59:04.588 2015] 0.000 sec 0.000 sec [ext2/2/ext 153 (0,20)] [page_core] доктрина
[Sat Dec 19 17:59:19.605 2015] 0.000 sec 0.000 sec [ext2/2/ext 153 (0,20)] [page_core] доктрина
[Sat Dec 19 17:59:19.637 2015] 0.000 sec 0.000 sec [ext2/2/ext 153 (0,20)] [page_core] доктрина
[Sat Dec 19 17:59:40.860 2015] 0.000 sec 0.000 sec [ext2/2/ext 153 (0,20)] [page_core] доктрина
[Sat Dec 19 17:59:40.888 2015] 0.000 sec 0.000 sec [ext2/2/ext 153 (0,20)] [page_core] доктрина
[Sat Dec 19 17:59:45.905 2015] 0.000 sec 0.000 sec [ext2/2/ext 153 (0,20)] [page_core] доктрина
[Sat Dec 19 17:59:45.939 2015] 0.000 sec 0.000 sec [ext2/2/ext 153 (0,20)] [page_core] доктрина
[Sat Dec 19 18:01:54.061 2015] 0.000 sec 0.000 sec [ext2/2/ext 153 (0,20)] [page_core] доктрина
[Sat Dec 19 18:01:54.091 2015] 0.000 sec 0.000 sec [ext2/2/ext 153 (0,20)] [page_core] доктрина
[Sat Dec 19 18:01:57.426 2015] 0.000 sec 0.000 sec [ext2/2/ext 153 (0,20)] [page_core] доктрина
[Sat Dec 19 18:01:57.460 2015] 0.000 sec 0.000 sec [ext2/2/ext 153 (0,20)] [page_core] доктрина
[Sat Dec 19 18:02:17.940 2015] 0.000 sec 0.000 sec [ext2/2/ext 153 (0,20)] [page_core] доктрина
[Sat Dec 19 18:02:17.972 2015] 0.000 sec 0.000 sec [ext2/2/ext 153 (0,20)] [page_core] доктрина
[Sat Dec 19 18:02:21.299 2015] 0.000 sec 0.000 sec [ext2/2/ext 153 (0,20)] [page_core] доктрина
[Sat Dec 19 18:02:21.335 2015] 0.000 sec 0.000 sec [ext2/2/ext 153 (0,20)] [page_core] доктрина
[Sat Dec 19 18:03:04.464 2015] 0.000 sec 0.000 sec [ext2/2/ext 153 (0,20)] [page_core] доктрина
[Sat Dec 19 18:03:04.495 2015] 0.000 sec 0.000 sec [ext2/2/ext 153 (0,20)] [page_core] доктрина
[Sat Dec 19 18:03:22.696 2015] 0.000 sec 0.000 sec [ext2/2/ext 153 (0,20)] [page_core] доктрина
[Sat Dec 19 18:03:22.730 2015] 0.000 sec 0.000 sec [ext2/2/ext 153 (0,20)] [page_core] доктрина
[Sat Dec 19 18:04:32.495 2015] 0.000 sec 0.000 sec [ext2/2/ext 153 (0,20)] [page_core] доктрина
[Sat Dec 19 18:04:32.526 2015] 0.000 sec 0.000 sec [ext2/2/ext 153 (0,20)] [page_core] доктрина
[Sat Dec 19 18:04:36.647 2015] 0.000 sec 0.000 sec [ext2/2/ext 153 (0,20)] [page_core] доктрина
[Sat Dec 19 18:04:36.677 2015] 0.000 sec 0.000 sec [ext2/2/ext 153 (20,20)] [page_core] доктрина
[Sat Dec 19 18:04:41.610 2015] 0.000 sec 0.000 sec [ext2/2/ext 153 (0,20)] [page_core] доктрина
[Sat Dec 19 18:04:41.642 2015] 0.000 sec 0.000 sec [ext2/2/ext 153 (40,20)] [page_core] доктрина
[Sat Dec 19 18:05:09.581 2015] 0.000 sec 0.000 sec [ext2/2/ext 153 (0,20)] [page_core] доктрина
[Sat Dec 19 18:05:09.613 2015] 0.000 sec 0.000 sec [ext2/2/ext 153 (40,20)] [page_core] доктрина
[Sat Dec 19 18:05:16.222 2015] 0.000 sec 0.000 sec [ext2/2/ext 153 (0,20)] [page_core] доктрина
[Sat Dec 19 18:05:16.251 2015] 0.000 sec 0.000 sec [ext2/2/ext 153 (40,20)] [page_core] доктрина
[Sat Dec 19 18:05:24.070 2015] 0.000 sec 0.000 sec [ext2/2/ext 153 (0,20)] [page_core] доктрина
[Sat Dec 19 18:05:24.102 2015] 0.000 sec 0.000 sec [ext2/2/ext 153 (40,20)] [page_core] доктрина
[Sat Dec 19 18:05:36.920 2015] 0.000 sec 0.000 sec [ext2/2/ext 153 (0,20)] [page_core] доктрина
[Sat Dec 19 18:05:36.951 2015] 0.000 sec 0.000 sec [ext2/2/ext 153 (40,20)] [page_core] доктрина
[Sat Dec 19 18:10:40.212 2015] 0.000 sec 0.000 sec [ext2/2/ext 153 (0,20)] [page_core] доктрина
[Sat Dec 19 18:11:38.751 2015] 0.000 sec 0.000 sec [ext2/2/ext 153 (0,20)] [page_core] доктрина
[Sat Dec 19 18:11:38.793 2015] 0.001 sec 0.001 sec [ext2/2/ext 153 (40,20)] [page_core] доктрина
[Sat Dec 19 18:11:57.370 2015] 0.000 sec 0.000 sec [ext2/2/ext 153 (0,20)] [page_core] доктрина
[Sat Dec 19 18:11:57.403 2015] 0.000 sec 0.000 sec [ext2/2/ext 153 (0,20)] [page_core] доктрина
[Sat Dec 19 18:12:04.299 2015] 0.000 sec 0.000 sec [ext2/1/ext 487 (0,20)] [page_core] доктрина
[Sat Dec 19 18:12:04.333 2015] 0.000 sec 0.000 sec [ext2/1/ext 487 (0,20)] [page_core] доктрина
[Sat Dec 19 18:42:58.606 2015] 0.000 sec 0.000 sec [ext2/1/ext 487 (0,20)] [page_core] доктрина
[Sat Dec 19 18:42:58.662 2015] 0.001 sec 0.001 sec [ext2/1/ext 2 (0,1000) @book_category_id] [page_core] доктрина
[Sat Dec 19 18:43:10.024 2015] 0.000 sec 0.000 sec [ext2/1/ext 487 (0,20)] [page_core] доктрина
[Sat Dec 19 18:43:45.712 2015] 0.000 sec 0.000 sec [ext2/1/ext 487 (0,20)] [page_core] доктрина
[Sat Dec 19 18:43:45.744 2015] 0.000 sec 0.000 sec [ext2/1/ext 487 (0,20)] [page_core] доктрина
[Sat Dec 19 18:43:51.800 2015] 0.000 sec 0.000 sec [ext2/1/ext 487 (0,20)] [page_core] доктрина
[Sat Dec 19 18:43:51.828 2015] 0.000 sec 0.000 sec [ext2/1/ext 2 (0,1000) @book_category_id] [page_core] доктрина
[Sat Dec 19 18:44:02.820 2015] 0.000 sec 0.000 sec [ext2/1/ext 487 (0,20)] [page_core] доктрина
[Sat Dec 19 18:44:47.733 2015] 0.000 sec 0.000 sec [ext2/1/ext 487 (0,20)] [page_core] доктрина
[Sat Dec 19 18:44:47.759 2015] 0.000 sec 0.000 sec [ext2/1/ext 2 (0,1000) @book_category_id] [page_core] доктрина
[Sat Dec 19 18:44:47.818 2015] 0.000 sec 0.000 sec [ext2/1/ext 487 (0,20)] [page_core] доктрина
[Sat Dec 19 18:44:49.133 2015] 0.000 sec 0.000 sec [ext2/1/ext 487 (0,20)] [page_core] доктрина
[Sat Dec 19 18:44:49.149 2015] 0.000 sec 0.000 sec [ext2/1/ext 2 (0,1000) @book_category_id] [page_core] доктрина
[Sat Dec 19 18:44:49.180 2015] 0.000 sec 0.000 sec [ext2/1/ext 487 (0,20)] [page_core] доктрина
[Sat Dec 19 18:45:11.821 2015] 0.000 sec 0.000 sec [ext2/1/ext 487 (0,20)] [page_core] доктрина
[Sat Dec 19 18:45:11.837 2015] 0.000 sec 0.000 sec [ext2/1/ext 2 (0,1000) @book_category_id] [page_core] доктрина
[Sat Dec 19 18:45:11.864 2015] 0.000 sec 0.000 sec [ext2/1/ext 487 (0,20)] [page_core] доктрина
[Sat Dec 19 18:45:15.686 2015] 0.000 sec 0.000 sec [ext2/1/ext 487 (0,20)] [page_core] доктрина
[Sat Dec 19 18:45:15.713 2015] 0.000 sec 0.000 sec [ext2/1/ext 2 (0,1000) @book_category_id] [page_core] доктрина
[Sat Dec 19 18:45:15.770 2015] 0.000 sec 0.000 sec [ext2/1/ext 487 (0,20)] [page_core] доктрина
[Sat Dec 19 18:45:24.794 2015] 0.000 sec 0.000 sec [ext2/1/ext 487 (0,20)] [page_core] доктрина
[Sat Dec 19 18:45:24.810 2015] 0.000 sec 0.000 sec [ext2/1/ext 2 (0,1000) @book_category_id] [page_core] доктрина
[Sat Dec 19 18:45:24.840 2015] 0.000 sec 0.000 sec [ext2/1/ext 487 (0,20)] [page_core] доктрина
[Sat Dec 19 18:45:28.752 2015] 0.000 sec 0.000 sec [ext2/1/ext 487 (0,20)] [page_core] доктрина
[Sat Dec 19 18:45:28.782 2015] 0.000 sec 0.000 sec [ext2/1/ext 2 (0,1000) @book_category_id] [page_core] доктрина
[Sat Dec 19 18:45:28.841 2015] 0.000 sec 0.000 sec [ext2/1/ext 487 (0,20)] [page_core] доктрина
[Sat Dec 19 18:45:55.664 2015] 0.000 sec 0.000 sec [ext2/1/ext 487 (0,20)] [page_core] доктрина
[Sat Dec 19 18:45:55.686 2015] 0.000 sec 0.000 sec [ext2/1/ext 2 (0,1000) @book_category_id] [page_core] доктрина
[Sat Dec 19 18:45:55.721 2015] 0.000 sec 0.000 sec [ext2/1/ext 487 (0,20)] [page_core] доктрина
[Sat Dec 19 18:46:01.376 2015] 0.000 sec 0.000 sec [ext2/1/ext 487 (0,20)] [page_core] доктрина
[Sat Dec 19 18:46:01.402 2015] 0.000 sec 0.000 sec [ext2/1/ext 2 (0,1000) @book_category_id] [page_core] доктрина
[Sat Dec 19 18:46:01.469 2015] 0.000 sec 0.000 sec [ext2/1/ext 487 (0,20)] [page_core] доктрина
[Sat Dec 19 18:49:38.471 2015] 0.000 sec 0.000 sec [ext2/1/ext 487 (0,20)] [page_core] доктрина
[Sat Dec 19 18:49:38.488 2015] 0.000 sec 0.000 sec [ext2/1/ext 2 (0,1000) @book_category_id] [page_core] доктрина
[Sat Dec 19 18:49:38.522 2015] 0.000 sec 0.000 sec [ext2/1/ext 487 (0,20)] [page_core] доктрина
[Sat Dec 19 18:49:45.878 2015] 0.000 sec 0.000 sec [ext2/1/ext 487 (0,20)] [page_core] доктрина
[Sat Dec 19 18:49:45.911 2015] 0.000 sec 0.000 sec [ext2/1/ext 2 (0,1000) @book_category_id] [page_core] доктрина
[Sat Dec 19 18:49:46.125 2015] 0.000 sec 0.000 sec [ext2/1/ext 487 (0,20)] [page_core] доктрина
[Sat Dec 19 18:54:54.325 2015] 0.000 sec 0.000 sec [ext2/1/ext 487 (0,20)] [page_core] доктрина
[Sat Dec 19 18:54:54.349 2015] 0.000 sec 0.000 sec [ext2/1/ext 2 (0,1000) @book_category_id] [page_core] доктрина
[Sat Dec 19 18:54:54.427 2015] 0.000 sec 0.000 sec [ext2/1/ext 487 (0,20)] [page_core] доктрина
[Sat Dec 19 18:55:00.329 2015] 0.000 sec 0.000 sec [ext2/1/ext 487 (0,20)] [page_core] доктрина
[Sat Dec 19 18:55:00.344 2015] 0.000 sec 0.000 sec [ext2/1/ext 2 (0,1000) @book_category_id] [page_core] доктрина
[Sat Dec 19 18:55:00.373 2015] 0.000 sec 0.000 sec [ext2/1/ext 487 (0,20)] [page_core] доктрина
[Sat Dec 19 18:55:04.127 2015] 0.000 sec 0.000 sec [ext2/1/ext 487 (0,20)] [page_core] доктрина
[Sat Dec 19 18:55:04.143 2015] 0.000 sec 0.000 sec [ext2/1/ext 2 (0,1000) @book_category_id] [page_core] доктрина
[Sat Dec 19 18:55:04.174 2015] 0.000 sec 0.000 sec [ext2/1/ext 487 (0,20)] [page_core] доктрина
[Sat Dec 19 18:58:39.959 2015] 0.000 sec 0.000 sec [ext2/1/ext 487 (0,20)] [page_core] доктрина
[Sat Dec 19 18:58:39.975 2015] 0.000 sec 0.000 sec [ext2/1/ext 2 (0,1000) @book_category_id] [page_core] доктрина
[Sat Dec 19 18:58:40.027 2015] 0.000 sec 0.000 sec [ext2/1/ext 487 (0,20)] [page_core] доктрина
[Sat Dec 19 19:08:19.232 2015] 0.000 sec 0.000 sec [ext2/1/ext 487 (0,20)] [page_core] доктрина
[Sat Dec 19 19:08:19.259 2015] 0.000 sec 0.000 sec [ext2/1/ext 2 (0,1000) @book_category_id] [page_core] доктрина
[Sat Dec 19 19:08:38.718 2015] 0.000 sec 0.000 sec [ext2/1/ext 487 (0,20)] [page_core] доктрина
[Sat Dec 19 19:08:38.748 2015] 0.000 sec 0.000 sec [ext2/1/ext 2 (0,1000) @book_category_id] [page_core] доктрина
[Sat Dec 19 19:08:38.815 2015] 0.000 sec 0.000 sec [ext2/1/ext 487 (0,20)] [page_core] доктрина
[Sat Dec 19 19:10:26.295 2015] 0.000 sec 0.000 sec [ext2/1/ext 487 (0,20)] [page_core] доктрина
[Sat Dec 19 19:10:26.324 2015] 0.000 sec 0.000 sec [ext2/1/ext 2 (0,1000) @book_category_id] [page_core] доктрина
[Sat Dec 19 19:10:26.420 2015] 0.000 sec 0.000 sec [ext2/1/ext 487 (0,20)] [page_core] доктрина
[Sat Dec 19 19:22:58.070 2015] 0.000 sec 0.000 sec [ext2/1/ext 487 (0,20)] [page_core] доктрина
[Sat Dec 19 19:22:58.104 2015] 0.000 sec 0.000 sec [ext2/1/ext 2 (0,1000) @book_category_id] [page_core] доктрина
[Sat Dec 19 19:22:58.171 2015] 0.000 sec 0.000 sec [ext2/1/ext 487 (0,20)] [page_core] доктрина
[Sat Dec 19 19:23:56.986 2015] 0.000 sec 0.000 sec [ext2/2/ext 153 (0,20)] [page_core] доктрина
[Sat Dec 19 19:23:57.007 2015] 0.000 sec 0.000 sec [ext2/1/ext 2 (0,1000) @book_category_id] [page_core] доктрина
[Sat Dec 19 19:23:57.036 2015] 0.000 sec 0.000 sec [ext2/2/ext 153 (0,20)] [page_core] доктрина
[Sat Dec 19 19:24:22.310 2015] 0.000 sec 0.000 sec [ext2/2/ext 153 (0,20)] [page_core] доктрина
[Sat Dec 19 19:24:22.327 2015] 0.000 sec 0.000 sec [ext2/1/ext 2 (0,1000) @book_category_id] [page_core] доктрина
[Sat Dec 19 19:24:22.358 2015] 0.000 sec 0.000 sec [ext2/2/ext 153 (0,20)] [page_core] доктрина
[Sat Dec 19 19:25:29.233 2015] 0.000 sec 0.000 sec [ext2/2/ext 153 (0,20)] [page_core] доктрина
[Sat Dec 19 19:25:29.251 2015] 0.000 sec 0.000 sec [ext2/1/ext 2 (0,1000) @book_category_id] [page_core] доктрина
[Sat Dec 19 19:25:29.280 2015] 0.000 sec 0.000 sec [ext2/2/ext 153 (0,20)] [page_core] доктрина
[Sat Dec 19 19:37:40.317 2015] 0.000 sec 0.000 sec [ext2/2/ext 153 (0,20)] [page_core] доктрина
[Sat Dec 19 19:37:40.345 2015] 0.000 sec 0.000 sec [ext2/1/ext 2 (0,1000) @book_category_id] [page_core] доктрина
[Sat Dec 19 19:37:40.394 2015] 0.000 sec 0.000 sec [ext2/2/ext 153 (20,20)] [page_core] доктрина
[Sat Dec 19 19:37:49.121 2015] 0.000 sec 0.000 sec [ext2/2/ext 153 (0,20)] [page_core] доктрина
[Sat Dec 19 19:37:49.137 2015] 0.000 sec 0.000 sec [ext2/1/ext 2 (0,1000) @book_category_id] [page_core] доктрина
[Sat Dec 19 19:37:49.153 2015] 0.000 sec 0.000 sec [ext2/2/ext 153 (20,20)] [page_core] доктрина
[Sat Dec 19 19:45:08.524 2015] 0.000 sec 0.000 sec [ext2/2/ext 153 (0,20)] [page_core] доктрина
[Sat Dec 19 19:45:08.539 2015] 0.000 sec 0.000 sec [ext2/1/ext 2 (0,1000) @book_category_id] [page_core] доктрина
[Sat Dec 19 19:45:08.559 2015] 0.000 sec 0.000 sec [ext2/2/ext 153 (20,20)] [page_core] доктрина
[Sat Dec 19 19:45:38.266 2015] 0.000 sec 0.000 sec [ext2/2/ext 153 (0,20)] [page_core] доктрина
[Sat Dec 19 19:45:38.281 2015] 0.000 sec 0.000 sec [ext2/1/ext 2 (0,1000) @book_category_id] [page_core] доктрина
[Sat Dec 19 19:45:38.302 2015] 0.000 sec 0.000 sec [ext2/2/ext 153 (20,20)] [page_core] доктрина
[Sat Dec 19 19:54:24.634 2015] 0.000 sec 0.000 sec [ext2/2/ext 153 (0,20)] [page_core] доктрина
[Sat Dec 19 19:54:24.649 2015] 0.000 sec 0.000 sec [ext2/1/ext 2 (0,1000) @book_category_id] [page_core] доктрина
[Sat Dec 19 19:54:24.665 2015] 0.000 sec 0.000 sec [ext2/2/ext 153 (20,20)] [page_core] доктрина
[Sat Dec 19 19:56:44.721 2015] 0.000 sec 0.000 sec [ext2/2/ext 153 (0,20)] [page_core] доктрина
[Sat Dec 19 19:56:44.736 2015] 0.000 sec 0.000 sec [ext2/1/ext 2 (0,1000) @book_category_id] [page_core] доктрина
[Sat Dec 19 19:56:44.762 2015] 0.000 sec 0.000 sec [ext2/2/ext 153 (20,20)] [page_core] доктрина
[Sat Dec 19 20:36:54.628 2015] 0.000 sec 0.000 sec [ext2/2/ext 153 (0,20)] [page_core] доктрина
[Sat Dec 19 20:36:54.651 2015] 0.000 sec 0.000 sec [ext2/1/ext 2 (0,1000) @book_category_id] [page_core] доктрина
[Sat Dec 19 20:37:47.716 2015] 0.000 sec 0.000 sec [ext2/2/ext 153 (0,20)] [page_core] доктрина
[Sat Dec 19 20:37:47.733 2015] 0.000 sec 0.000 sec [ext2/1/ext 2 (0,1000) @book_category_id] [page_core] доктрина
[Sat Dec 19 20:39:00.331 2015] 0.000 sec 0.000 sec [ext2/2/ext 153 (0,20)] [page_core] доктрина
[Sat Dec 19 20:39:00.357 2015] 0.000 sec 0.000 sec [ext2/1/ext 2 (0,1000) @book_category_id] [page_core] доктрина
[Sat Dec 19 20:41:14.179 2015] 0.000 sec 0.000 sec [ext2/1/ext 487 (0,20)] [page_core] доктрина
[Sat Dec 19 20:41:14.208 2015] 0.000 sec 0.000 sec [ext2/1/ext 2 (0,1000) @book_category_id] [page_core] доктрина
[Sat Dec 19 20:41:21.816 2015] 0.000 sec 0.000 sec [ext2/1/ext 487 (0,20)] [page_core] доктрина
[Sat Dec 19 20:41:21.833 2015] 0.000 sec 0.000 sec [ext2/1/ext 2 (0,1000) @book_category_id] [page_core] доктрина
[Sat Dec 19 20:41:21.858 2015] 0.000 sec 0.000 sec [ext2/1/ext 487 (0,20)] [page_core] доктрина
[Sat Dec 19 20:41:31.319 2015] 0.000 sec 0.000 sec [ext2/2/ext 153 (0,20)] [page_core] доктрина
[Sat Dec 19 20:41:31.334 2015] 0.000 sec 0.000 sec [ext2/1/ext 2 (0,1000) @book_category_id] [page_core] доктрина
[Sat Dec 19 20:41:58.569 2015] 0.000 sec 0.000 sec [ext2/2/ext 153 (0,20)] [page_core] доктрина
[Sat Dec 19 20:41:58.584 2015] 0.000 sec 0.000 sec [ext2/1/ext 2 (0,1000) @book_category_id] [page_core] доктрина
[Sat Dec 19 20:42:01.341 2015] 0.000 sec 0.000 sec [ext2/2/ext 153 (0,20)] [page_core] доктрина
[Sat Dec 19 20:42:01.366 2015] 0.000 sec 0.000 sec [ext2/1/ext 2 (0,1000) @book_category_id] [page_core] доктрина
[Sat Dec 19 20:42:19.943 2015] 0.000 sec 0.000 sec [ext2/2/ext 153 (0,20)] [page_core] доктрина
[Sat Dec 19 20:42:19.959 2015] 0.000 sec 0.000 sec [ext2/1/ext 2 (0,1000) @book_category_id] [page_core] доктрина
[Sat Dec 19 20:42:23.938 2015] 0.000 sec 0.000 sec [ext2/2/ext 153 (0,20)] [page_core] доктрина
[Sat Dec 19 20:42:23.963 2015] 0.000 sec 0.000 sec [ext2/1/ext 2 (0,1000) @book_category_id] [page_core] доктрина
[Sat Dec 19 20:44:01.970 2015] 0.000 sec 0.000 sec [ext2/2/ext 153 (0,20)] [page_core] доктрина
[Sat Dec 19 20:44:01.993 2015] 0.000 sec 0.000 sec [ext2/1/ext 2 (0,1000) @book_category_id] [page_core] доктрина
[Sat Dec 19 20:44:05.045 2015] 0.000 sec 0.000 sec [ext2/2/ext 153 (0,20)] [page_core] доктрина
[Sat Dec 19 20:44:05.059 2015] 0.000 sec 0.000 sec [ext2/1/ext 2 (0,1000) @book_category_id] [page_core] доктрина
[Sat Dec 19 20:45:05.864 2015] 0.000 sec 0.000 sec [ext2/2/ext 153 (0,20)] [page_core] доктрина
[Sat Dec 19 20:45:05.878 2015] 0.000 sec 0.000 sec [ext2/1/ext 2 (0,1000) @book_category_id] [page_core] доктрина
[Sat Dec 19 20:45:10.444 2015] 0.000 sec 0.000 sec [ext2/2/ext 153 (0,20)] [page_core] доктрина
[Sat Dec 19 20:45:10.471 2015] 0.000 sec 0.000 sec [ext2/1/ext 2 (0,1000) @book_category_id] [page_core] доктрина
[Sat Dec 19 20:45:10.511 2015] 0.000 sec 0.000 sec [ext2/2/ext 153 (0,1000)] [page_core] доктрина
[Sat Dec 19 20:45:32.896 2015] 0.000 sec 0.000 sec [ext2/2/ext 153 (0,20)] [page_core] доктрина
[Sat Dec 19 20:45:32.911 2015] 0.000 sec 0.000 sec [ext2/1/ext 2 (0,1000) @book_category_id] [page_core] доктрина
[Sat Dec 19 20:45:32.924 2015] 0.000 sec 0.000 sec [ext2/2/ext 153 (0,1000)] [page_core] доктрина
[Sat Dec 19 20:45:52.149 2015] 0.000 sec 0.000 sec [ext2/2/ext 153 (0,20)] [page_core] доктрина
[Sat Dec 19 20:45:52.163 2015] 0.000 sec 0.000 sec [ext2/1/ext 2 (0,1000) @book_category_id] [page_core] доктрина
[Sat Dec 19 20:45:52.176 2015] 0.000 sec 0.000 sec [ext2/2/ext 153 (0,1000)] [page_core] доктрина
[Sat Dec 19 20:45:55.843 2015] 0.000 sec 0.000 sec [ext2/2/ext 153 (0,20)] [page_core] доктрина
[Sat Dec 19 20:45:55.870 2015] 0.000 sec 0.000 sec [ext2/1/ext 2 (0,1000) @book_category_id] [page_core] доктрина
[Sat Dec 19 20:45:55.915 2015] 0.000 sec 0.000 sec [ext2/2/ext 153 (0,1000)] [page_core] доктрина
[Sat Dec 19 20:46:04.806 2015] 0.000 sec 0.000 sec [ext2/2/ext 153 (0,20)] [page_core] доктрина
[Sat Dec 19 20:46:04.824 2015] 0.000 sec 0.000 sec [ext2/1/ext 2 (0,1000) @book_category_id] [page_core] доктрина
[Sat Dec 19 20:46:04.845 2015] 0.000 sec 0.000 sec [ext2/2/ext 153 (0,1000)] [page_core] доктрина
[Sat Dec 19 20:46:13.642 2015] 0.000 sec 0.000 sec [ext2/2/ext 153 (0,20)] [page_core] доктрина
[Sat Dec 19 20:46:13.659 2015] 0.000 sec 0.000 sec [ext2/1/ext 2 (0,1000) @book_category_id] [page_core] доктрина
[Sat Dec 19 20:46:13.673 2015] 0.000 sec 0.000 sec [ext2/2/ext 153 (0,1000)] [page_core] доктрина
[Sat Dec 19 20:46:27.345 2015] 0.000 sec 0.000 sec [ext2/2/ext 153 (0,20)] [page_core] доктрина
[Sat Dec 19 20:46:27.360 2015] 0.000 sec 0.000 sec [ext2/1/ext 2 (0,1000) @book_category_id] [page_core] доктрина
[Sat Dec 19 20:46:27.374 2015] 0.000 sec 0.000 sec [ext2/2/ext 153 (0,1000)] [page_core] доктрина
[Sat Dec 19 20:48:37.193 2015] 0.000 sec 0.000 sec [ext2/2/ext 153 (0,20)] [page_core] доктрина
[Sat Dec 19 20:48:37.223 2015] 0.000 sec 0.000 sec [ext2/1/ext 2 (0,1000) @book_category_id] [page_core] доктрина
[Sat Dec 19 20:48:37.267 2015] 0.000 sec 0.000 sec [ext2/2/ext 153 (0,1000)] [page_core] доктрина
[Sat Dec 19 20:48:37.805 2015] 0.000 sec 0.000 sec [ext2/2/ext 153 (0,20)] [page_core] доктрина
[Sat Dec 19 20:48:37.819 2015] 0.000 sec 0.000 sec [ext2/1/ext 2 (0,1000) @book_category_id] [page_core] доктрина
[Sat Dec 19 20:48:37.832 2015] 0.000 sec 0.000 sec [ext2/2/ext 153 (0,1000)] [page_core] доктрина
[Sat Dec 19 20:48:40.601 2015] 0.000 sec 0.000 sec [ext2/2/ext 153 (0,20)] [page_core] доктрина
[Sat Dec 19 20:48:40.616 2015] 0.000 sec 0.000 sec [ext2/1/ext 2 (0,1000) @book_category_id] [page_core] доктрина
[Sat Dec 19 20:48:40.628 2015] 0.000 sec 0.000 sec [ext2/2/ext 153 (0,1000)] [page_core] доктрина
[Sat Dec 19 20:48:41.132 2015] 0.000 sec 0.000 sec [ext2/2/ext 153 (0,20)] [page_core] доктрина
[Sat Dec 19 20:48:41.147 2015] 0.000 sec 0.000 sec [ext2/1/ext 2 (0,1000) @book_category_id] [page_core] доктрина
[Sat Dec 19 20:48:41.160 2015] 0.000 sec 0.000 sec [ext2/2/ext 153 (0,1000)] [page_core] доктрина
[Sat Dec 19 20:48:50.207 2015] 0.000 sec 0.000 sec [ext2/2/ext 153 (0,20)] [page_core] доктрина
[Sat Dec 19 20:48:50.222 2015] 0.000 sec 0.000 sec [ext2/1/ext 2 (0,1000) @book_category_id] [page_core] доктрина
[Sat Dec 19 20:48:50.236 2015] 0.000 sec 0.000 sec [ext2/2/ext 153 (0,1000)] [page_core] доктрина
[Sat Dec 19 20:48:50.721 2015] 0.000 sec 0.000 sec [ext2/2/ext 153 (0,20)] [page_core] доктрина
[Sat Dec 19 20:48:50.736 2015] 0.000 sec 0.000 sec [ext2/1/ext 2 (0,1000) @book_category_id] [page_core] доктрина
[Sat Dec 19 20:48:50.749 2015] 0.000 sec 0.000 sec [ext2/2/ext 153 (0,1000)] [page_core] доктрина
[Sat Dec 19 20:49:02.821 2015] 0.000 sec 0.000 sec [ext2/2/ext 153 (0,20)] [page_core] доктрина
[Sat Dec 19 20:49:02.840 2015] 0.000 sec 0.000 sec [ext2/1/ext 2 (0,1000) @book_category_id] [page_core] доктрина
[Sat Dec 19 20:49:02.878 2015] 0.000 sec 0.000 sec [ext2/2/ext 153 (0,1000)] [page_core] доктрина
[Sat Dec 19 20:49:18.115 2015] 0.000 sec 0.000 sec [ext2/2/ext 153 (0,20)] [page_core] доктрина
[Sat Dec 19 20:49:18.134 2015] 0.000 sec 0.000 sec [ext2/1/ext 2 (0,1000) @book_category_id] [page_core] доктрина
[Sat Dec 19 20:49:18.173 2015] 0.000 sec 0.000 sec [ext2/2/ext 153 (0,1000)] [page_core] доктрина
[Sat Dec 19 20:50:50.693 2015] 0.000 sec 0.000 sec [ext2/2/ext 153 (0,20)] [page_core] доктрина
[Sat Dec 19 20:50:50.719 2015] 0.000 sec 0.000 sec [ext2/1/ext 2 (0,1000) @book_category_id] [page_core] доктрина
[Sat Dec 19 20:50:50.772 2015] 0.000 sec 0.000 sec [ext2/2/ext 153 (0,1000)] [page_core] доктрина
[Sat Dec 19 20:51:56.103 2015] 0.000 sec 0.000 sec [ext2/2/ext 153 (0,20)] [page_core] доктрина
[Sat Dec 19 20:51:56.119 2015] 0.000 sec 0.000 sec [ext2/1/ext 2 (0,1000) @book_category_id] [page_core] доктрина
[Sat Dec 19 20:51:56.132 2015] 0.000 sec 0.000 sec [ext2/2/ext 153 (0,1000)] [page_core] доктрина
[Sat Dec 19 20:52:59.384 2015] 0.000 sec 0.000 sec [ext2/2/ext 153 (0,20)] [page_core] доктрина
[Sat Dec 19 20:52:59.400 2015] 0.000 sec 0.000 sec [ext2/1/ext 2 (0,1000) @book_category_id] [page_core] доктрина
[Sat Dec 19 20:52:59.412 2015] 0.000 sec 0.000 sec [ext2/2/ext 153 (0,1000)] [page_core] доктрина
[Sat Dec 19 20:53:30.316 2015] 0.000 sec 0.000 sec [ext2/2/ext 153 (0,20)] [page_core] доктрина
[Sat Dec 19 20:53:30.341 2015] 0.000 sec 0.000 sec [ext2/1/ext 2 (0,1000) @book_category_id] [page_core] доктрина
[Sat Dec 19 20:53:30.385 2015] 0.000 sec 0.000 sec [ext2/2/ext 153 (0,1000)] [page_core] доктрина
[Sat Dec 19 21:08:22.522 2015] 0.000 sec 0.000 sec [ext2/2/ext 153 (0,20)] [page_core] доктрина
[Sat Dec 19 21:08:22.541 2015] 0.000 sec 0.000 sec [ext2/1/ext 2 (0,1000) @book_category_id] [page_core] доктрина
[Sat Dec 19 21:08:22.567 2015] 0.000 sec 0.000 sec [ext2/2/ext 153 (0,20)] [page_core] доктрина
[Sat Dec 19 21:09:20.902 2015] 0.000 sec 0.000 sec [ext2/2/ext 153 (0,20)] [page_core] доктрина
[Sat Dec 19 21:09:20.918 2015] 0.000 sec 0.000 sec [ext2/1/ext 2 (0,1000) @book_category_id] [page_core] доктрина
[Sat Dec 19 21:09:20.941 2015] 0.000 sec 0.000 sec [ext2/2/ext 153 (0,20)] [page_core] доктрина
[Sat Dec 19 21:10:54.689 2015] 0.000 sec 0.000 sec [ext2/2/ext 153 (0,20)] [page_core] доктрина
[Sat Dec 19 21:10:54.704 2015] 0.000 sec 0.000 sec [ext2/1/ext 2 (0,1000) @book_category_id] [page_core] доктрина
[Sat Dec 19 21:10:54.720 2015] 0.000 sec 0.000 sec [ext2/2/ext 153 (0,20)] [page_core] доктрина
[Sat Dec 19 21:10:59.892 2015] 0.000 sec 0.000 sec [ext2/2/ext 153 (0,20)] [page_core] доктрина
[Sat Dec 19 21:10:59.918 2015] 0.000 sec 0.000 sec [ext2/1/ext 2 (0,1000) @book_category_id] [page_core] доктрина
[Sat Dec 19 21:10:59.966 2015] 0.000 sec 0.000 sec [ext2/2/ext 153 (0,20)] [page_core] доктрина
[Sat Dec 19 21:12:02.676 2015] 0.000 sec 0.000 sec [ext2/2/ext 153 (0,20)] [page_core] доктрина
[Sat Dec 19 21:12:02.699 2015] 0.000 sec 0.000 sec [ext2/1/ext 2 (0,1000) @book_category_id] [page_core] доктрина
[Sat Dec 19 21:12:02.744 2015] 0.000 sec 0.000 sec [ext2/2/ext 153 (0,20)] [page_core] доктрина
[Sat Dec 19 21:12:54.810 2015] 0.000 sec 0.000 sec [ext2/2/ext 153 (0,20)] [page_core] доктрина
[Sat Dec 19 21:12:54.836 2015] 0.000 sec 0.000 sec [ext2/1/ext 2 (0,1000) @book_category_id] [page_core] доктрина
[Sat Dec 19 21:17:19.721 2015] 0.000 sec 0.000 sec [ext2/2/ext 153 (0,20)] [page_core] доктрина
[Sat Dec 19 21:17:19.745 2015] 0.000 sec 0.000 sec [ext2/1/ext 2 (0,1000) @book_category_id] [page_core] доктрина
[Sat Dec 19 21:17:19.800 2015] 0.000 sec 0.000 sec [ext2/2/ext 153 (0,20)] [page_core] доктрина
[Sat Dec 19 21:17:33.994 2015] 0.000 sec 0.000 sec [ext2/2/ext 153 (0,20)] [page_core] доктрина
[Sat Dec 19 21:17:34.018 2015] 0.000 sec 0.000 sec [ext2/1/ext 2 (0,1000) @book_category_id] [page_core] доктрина
[Sat Dec 19 21:17:34.093 2015] 0.000 sec 0.000 sec [ext2/2/ext 153 (0,20)] [page_core] доктрина
[Sun Dec 20 01:28:18.162 2015] 0.000 sec 0.000 sec [ext2/2/ext 153 (0,20)] [page_core] доктрина
[Sun Dec 20 01:28:18.166 2015] 0.000 sec 0.000 sec [ext2/1/ext 2 (0,1000) @book_category_id] [page_core] доктрина
[Sun Dec 20 01:28:18.176 2015] 0.000 sec 0.000 sec [ext2/2/ext 153 (0,20)] [page_core] доктрина
[Sun Dec 20 01:28:26.032 2015] 0.000 sec 0.000 sec [ext2/2/ext 153 (0,20)] [page_core] доктрина
[Sun Dec 20 01:28:26.036 2015] 0.000 sec 0.000 sec [ext2/1/ext 2 (0,1000) @book_category_id] [page_core] доктрина
[Sun Dec 20 01:28:26.040 2015] 0.000 sec 0.000 sec [ext2/2/ext 153 (0,20)] [page_core] доктрина
[Sun Dec 20 01:28:54.670 2015] 0.000 sec 0.000 sec [ext2/2/ext 153 (0,20)] [page_core] доктрина
[Sun Dec 20 01:28:54.674 2015] 0.000 sec 0.000 sec [ext2/1/ext 2 (0,1000) @book_category_id] [page_core] доктрина
[Sun Dec 20 01:28:54.678 2015] 0.000 sec 0.000 sec [ext2/2/ext 153 (60,20)] [page_core] доктрина
[Sun Dec 20 12:04:32.562 2015] 0.000 sec 0.000 sec [ext2/2/ext 153 (0,20)] [page_core] доктрина
[Sun Dec 20 12:04:32.576 2015] 0.000 sec 0.000 sec [ext2/1/ext 2 (0,1000) @book_category_id] [page_core] доктрина
[Sun Dec 20 12:04:32.601 2015] 0.000 sec 0.000 sec [ext2/2/ext 153 (0,20)] [page_core] доктрина
[Sun Dec 20 12:15:08.408 2015] 0.000 sec 0.000 sec [ext2/2/ext 153 (0,20)] [page_core] доктрина
[Sun Dec 20 12:15:08.434 2015] 0.000 sec 0.000 sec [ext2/1/ext 2 (0,1000) @book_category_id] [page_core] доктрина
[Sun Dec 20 12:15:08.501 2015] 0.000 sec 0.000 sec [ext2/2/ext 153 (0,20)] [page_core] доктрина
[Sun Dec 20 12:15:16.231 2015] 0.000 sec 0.000 sec [ext2/2/ext 153 (0,20)] [page_core] доктрина
[Sun Dec 20 12:15:16.244 2015] 0.000 sec 0.000 sec [ext2/1/ext 2 (0,1000) @book_category_id] [page_core] доктрина
[Sun Dec 20 12:15:16.259 2015] 0.000 sec 0.000 sec [ext2/2/ext 153 (40,20)] [page_core] доктрина
[Sun Dec 20 12:15:21.575 2015] 0.000 sec 0.000 sec [ext2/2/ext 153 (0,20)] [page_core] доктрина
[Sun Dec 20 12:15:21.588 2015] 0.000 sec 0.000 sec [ext2/1/ext 2 (0,1000) @book_category_id] [page_core] доктрина
[Sun Dec 20 12:15:21.603 2015] 0.000 sec 0.000 sec [ext2/2/ext 153 (40,20)] [page_core] доктрина
[Sun Dec 20 12:15:25.710 2015] 0.000 sec 0.000 sec [ext2/2/ext 153 (0,20)] [page_core] доктрина
[Sun Dec 20 12:15:25.723 2015] 0.000 sec 0.000 sec [ext2/1/ext 2 (0,1000) @book_category_id] [page_core] доктрина
[Sun Dec 20 12:15:25.737 2015] 0.000 sec 0.000 sec [ext2/2/ext 153 (60,20)] [page_core] доктрина
[Sun Dec 20 12:15:32.448 2015] 0.000 sec 0.000 sec [ext2/2/ext 153 (0,20)] [page_core] доктрина
[Sun Dec 20 12:15:32.461 2015] 0.000 sec 0.000 sec [ext2/1/ext 2 (0,1000) @book_category_id] [page_core] доктрина
[Sun Dec 20 12:15:32.476 2015] 0.000 sec 0.000 sec [ext2/2/ext 153 (60,20)] [page_core] доктрина
[Sun Dec 20 12:15:37.206 2015] 0.000 sec 0.000 sec [ext2/2/ext 153 (0,20)] [page_core] доктрина
[Sun Dec 20 12:15:37.220 2015] 0.000 sec 0.000 sec [ext2/1/ext 2 (0,1000) @book_category_id] [page_core] доктрина
[Sun Dec 20 12:15:37.236 2015] 0.000 sec 0.000 sec [ext2/2/ext 153 (80,20)] [page_core] доктрина
[Sun Dec 20 12:17:29.960 2015] 0.000 sec 0.000 sec [ext2/2/ext 153 (0,20)] [page_core] доктрина
[Sun Dec 20 12:17:29.976 2015] 0.000 sec 0.000 sec [ext2/1/ext 2 (0,1000) @book_category_id] [page_core] доктрина
[Sun Dec 20 12:17:30.000 2015] 0.000 sec 0.000 sec [ext2/2/ext 153 (0,20)] [page_core] доктрина
[Sun Dec 20 12:17:57.630 2015] 0.000 sec 0.000 sec [ext2/2/ext 153 (0,20)] [page_core] доктрина
[Sun Dec 20 12:17:57.644 2015] 0.000 sec 0.000 sec [ext2/1/ext 2 (0,1000) @book_category_id] [page_core] доктрина
[Sun Dec 20 12:17:57.660 2015] 0.000 sec 0.000 sec [ext2/2/ext 153 (0,20)] [page_core] доктрина
[Sun Dec 20 12:18:05.928 2015] 0.000 sec 0.000 sec [ext2/2/ext 153 (0,20)] [page_core] доктрина
[Sun Dec 20 12:18:05.941 2015] 0.000 sec 0.000 sec [ext2/1/ext 2 (0,1000) @book_category_id] [page_core] доктрина
[Sun Dec 20 12:18:05.968 2015] 0.000 sec 0.000 sec [ext2/2/ext 153 (0,20)] [page_core] доктрина
[Sun Dec 20 12:29:00.549 2015] 0.000 sec 0.000 sec [ext2/2/ext 153 (0,20)] [page_core] доктрина
[Sun Dec 20 12:29:00.565 2015] 0.000 sec 0.000 sec [ext2/1/ext 2 (0,1000) @book_category_id] [page_core] доктрина
[Sun Dec 20 12:29:00.584 2015] 0.000 sec 0.000 sec [ext2/2/ext 153 (0,20)] [page_core] доктрина
[Sun Dec 20 12:29:09.225 2015] 0.000 sec 0.000 sec [ext2/2/ext 153 (0,20)] [page_core] доктрина
[Sun Dec 20 12:29:09.239 2015] 0.000 sec 0.000 sec [ext2/1/ext 2 (0,1000) @book_category_id] [page_core] доктрина
[Sun Dec 20 12:29:09.261 2015] 0.000 sec 0.000 sec [ext2/2/ext 153 (0,20)] [page_core] доктрина
[Sun Dec 20 12:29:41.444 2015] 0.000 sec 0.000 sec [ext2/2/ext 153 (0,20)] [page_core] доктрина
[Sun Dec 20 12:29:41.463 2015] 0.000 sec 0.000 sec [ext2/1/ext 2 (0,1000) @book_category_id] [page_core] доктрина
[Sun Dec 20 12:29:41.480 2015] 0.000 sec 0.000 sec [ext2/2/ext 153 (0,20)] [page_core] доктрина
[Sun Dec 20 12:29:46.759 2015] 0.000 sec 0.000 sec [ext2/2/ext 153 (0,20)] [page_core] доктрина
[Sun Dec 20 12:29:46.773 2015] 0.000 sec 0.000 sec [ext2/1/ext 2 (0,1000) @book_category_id] [page_core] доктрина
[Sun Dec 20 12:29:46.797 2015] 0.000 sec 0.000 sec [ext2/2/ext 153 (0,20)] [page_core] доктрина
[Sun Dec 20 12:30:48.743 2015] 0.000 sec 0.000 sec [ext2/2/ext 153 (0,20)] [page_core] доктрина
[Sun Dec 20 12:30:48.761 2015] 0.000 sec 0.000 sec [ext2/1/ext 2 (0,1000) @book_category_id] [page_core] доктрина
[Sun Dec 20 12:30:48.778 2015] 0.000 sec 0.000 sec [ext2/2/ext 153 (0,20)] [page_core] доктрина
[Sun Dec 20 12:30:55.723 2015] 0.000 sec 0.000 sec [ext2/2/ext 153 (0,20)] [page_core] доктрина
[Sun Dec 20 12:30:55.742 2015] 0.000 sec 0.000 sec [ext2/1/ext 2 (0,1000) @book_category_id] [page_core] доктрина
[Sun Dec 20 12:30:55.764 2015] 0.000 sec 0.000 sec [ext2/2/ext 153 (0,20)] [page_core] доктрина
[Sun Dec 20 12:31:03.715 2015] 0.000 sec 0.000 sec [ext2/1/ext 1711 (0,20)] [page_core]
[Sun Dec 20 12:31:03.729 2015] 0.000 sec 0.000 sec [ext2/1/ext 2 (0,1000) @book_category_id] [page_core]
[Sun Dec 20 12:31:03.746 2015] 0.000 sec 0.000 sec [ext2/1/ext 1711 (0,20)] [page_core]
[Sun Dec 20 12:31:30.314 2015] 0.000 sec 0.000 sec [ext2/2/ext 153 (0,20)] [page_core] доктрина
[Sun Dec 20 12:31:30.328 2015] 0.000 sec 0.000 sec [ext2/1/ext 2 (0,1000) @book_category_id] [page_core] доктрина
[Sun Dec 20 12:31:30.345 2015] 0.000 sec 0.000 sec [ext2/2/ext 153 (0,20)] [page_core] доктрина
[Sun Dec 20 12:31:38.658 2015] 0.000 sec 0.000 sec [ext2/2/ext 153 (0,20)] [page_core] доктрина
[Sun Dec 20 12:31:38.673 2015] 0.000 sec 0.000 sec [ext2/1/ext 2 (0,1000) @book_category_id] [page_core] доктрина
[Sun Dec 20 12:31:38.696 2015] 0.000 sec 0.000 sec [ext2/2/ext 153 (0,20)] [page_core] доктрина
[Sun Dec 20 12:31:44.301 2015] 0.000 sec 0.000 sec [ext2/1/ext 487 (0,20)] [page_core] доктрина
[Sun Dec 20 12:31:44.315 2015] 0.000 sec 0.000 sec [ext2/1/ext 2 (0,1000) @book_category_id] [page_core] доктрина
[Sun Dec 20 12:31:44.333 2015] 0.000 sec 0.000 sec [ext2/1/ext 487 (0,20)] [page_core] доктрина
[Sun Dec 20 12:31:46.333 2015] 0.000 sec 0.000 sec [ext2/1/ext 487 (0,20)] [page_core] доктрина
[Sun Dec 20 12:31:46.347 2015] 0.000 sec 0.000 sec [ext2/1/ext 2 (0,1000) @book_category_id] [page_core] доктрина
[Sun Dec 20 12:31:46.365 2015] 0.000 sec 0.000 sec [ext2/1/ext 487 (0,20)] [page_core] доктрина
[Sun Dec 20 12:31:53.287 2015] 0.000 sec 0.000 sec [ext2/1/ext 487 (0,20)] [page_core] доктрина
[Sun Dec 20 12:31:53.302 2015] 0.000 sec 0.000 sec [ext2/1/ext 2 (0,1000) @book_category_id] [page_core] доктрина
[Sun Dec 20 12:31:53.319 2015] 0.000 sec 0.000 sec [ext2/1/ext 487 (0,20)] [page_core] доктрина
[Sun Dec 20 12:35:36.203 2015] 0.000 sec 0.000 sec [ext2/1/ext 487 (0,20)] [page_core] доктрина
[Sun Dec 20 12:35:36.217 2015] 0.000 sec 0.000 sec [ext2/1/ext 2 (0,1000) @book_category_id] [page_core] доктрина
[Sun Dec 20 12:35:36.247 2015] 0.000 sec 0.000 sec [ext2/1/ext 487 (0,20)] [page_core] доктрина
[Sun Dec 20 12:35:46.530 2015] 0.000 sec 0.000 sec [ext2/1/ext 487 (0,20)] [page_core] доктрина
[Sun Dec 20 12:35:46.544 2015] 0.000 sec 0.000 sec [ext2/1/ext 2 (0,1000) @book_category_id] [page_core] доктрина
[Sun Dec 20 12:35:46.563 2015] 0.000 sec 0.000 sec [ext2/1/ext 487 (0,20)] [page_core] доктрина
[Sun Dec 20 12:36:45.231 2015] 0.000 sec 0.000 sec [ext2/1/ext 487 (0,20)] [page_core] доктрина
[Sun Dec 20 12:36:45.245 2015] 0.000 sec 0.000 sec [ext2/1/ext 2 (0,1000) @book_category_id] [page_core] доктрина
[Sun Dec 20 12:36:45.270 2015] 0.000 sec 0.000 sec [ext2/1/ext 487 (0,20)] [page_core] доктрина
[Sun Dec 20 12:36:52.492 2015] 0.000 sec 0.000 sec [ext2/1/ext 487 (0,20)] [page_core] доктрина
[Sun Dec 20 12:36:52.507 2015] 0.000 sec 0.000 sec [ext2/1/ext 2 (0,1000) @book_category_id] [page_core] доктрина
[Sun Dec 20 12:36:52.525 2015] 0.000 sec 0.000 sec [ext2/1/ext 487 (0,20)] [page_core] доктрина
[Sun Dec 20 12:38:57.467 2015] 0.000 sec 0.000 sec [ext2/1/ext 487 (0,20)] [page_core] доктрина
[Sun Dec 20 12:38:57.481 2015] 0.000 sec 0.000 sec [ext2/1/ext 2 (0,1000) @book_category_id] [page_core] доктрина
[Sun Dec 20 12:38:57.499 2015] 0.000 sec 0.000 sec [ext2/1/ext 487 (0,20)] [page_core] доктрина
[Sun Dec 20 12:44:02.223 2015] 0.000 sec 0.000 sec [ext2/1/ext 487 (0,20)] [page_core] доктрина
[Sun Dec 20 12:44:02.238 2015] 0.000 sec 0.000 sec [ext2/1/ext 2 (0,1000) @book_category_id] [page_core] доктрина
[Sun Dec 20 12:44:02.255 2015] 0.000 sec 0.000 sec [ext2/1/ext 487 (0,20)] [page_core] доктрина
[Sun Dec 20 12:44:10.666 2015] 0.000 sec 0.000 sec [ext2/1/ext 487 (0,20)] [page_core] доктрина
[Sun Dec 20 12:44:10.681 2015] 0.000 sec 0.000 sec [ext2/1/ext 2 (0,1000) @book_category_id] [page_core] доктрина
[Sun Dec 20 12:44:34.362 2015] 0.000 sec 0.000 sec [ext2/1/ext 487 (0,20)] [page_core] доктрина
[Sun Dec 20 12:44:34.376 2015] 0.000 sec 0.000 sec [ext2/1/ext 2 (0,1000) @book_category_id] [page_core] доктрина
[Sun Dec 20 12:45:08.674 2015] 0.000 sec 0.000 sec [ext2/1/ext 487 (0,20)] [page_core] доктрина
[Sun Dec 20 12:45:08.687 2015] 0.000 sec 0.000 sec [ext2/1/ext 2 (0,1000) @book_category_id] [page_core] доктрина
[Sun Dec 20 12:45:08.714 2015] 0.000 sec 0.000 sec [ext2/1/ext 487 (0,20)] [page_core] доктрина
[Sun Dec 20 12:45:45.393 2015] 0.000 sec 0.000 sec [ext2/1/ext 487 (0,20)] [page_core] доктрина
[Sun Dec 20 12:45:45.407 2015] 0.000 sec 0.000 sec [ext2/1/ext 2 (0,1000) @book_category_id] [page_core] доктрина
[Sun Dec 20 12:45:45.433 2015] 0.000 sec 0.000 sec [ext2/1/ext 487 (0,20)] [page_core] доктрина
[Sun Dec 20 12:51:59.463 2015] 0.000 sec 0.000 sec [ext2/1/ext 487 (0,20)] [page_core] доктрина
[Sun Dec 20 12:51:59.485 2015] 0.000 sec 0.000 sec [ext2/1/ext 2 (0,1000) @book_category_id] [page_core] доктрина
[Sun Dec 20 12:51:59.543 2015] 0.000 sec 0.000 sec [ext2/1/ext 487 (0,20)] [page_core] доктрина
[Sun Dec 20 12:52:06.323 2015] 0.000 sec 0.000 sec [ext2/1/ext 487 (0,20)] [page_core] доктрина
[Sun Dec 20 12:52:06.337 2015] 0.000 sec 0.000 sec [ext2/1/ext 2 (0,1000) @book_category_id] [page_core] доктрина
[Sun Dec 20 12:52:06.358 2015] 0.000 sec 0.000 sec [ext2/1/ext 487 (0,20)] [page_core] доктрина
[Sun Dec 20 12:52:48.432 2015] 0.000 sec 0.000 sec [ext2/1/ext 487 (0,20)] [page_core] доктрина
[Sun Dec 20 12:52:48.446 2015] 0.000 sec 0.000 sec [ext2/1/ext 2 (0,1000) @book_category_id] [page_core] доктрина
[Sun Dec 20 12:52:48.477 2015] 0.000 sec 0.000 sec [ext2/1/ext 487 (0,20)] [page_core] доктрина
[Sun Dec 20 12:53:33.486 2015] 0.000 sec 0.000 sec [ext2/1/ext 487 (0,20)] [page_core] доктрина
[Sun Dec 20 12:53:33.500 2015] 0.000 sec 0.000 sec [ext2/1/ext 2 (0,1000) @book_category_id] [page_core] доктрина
[Sun Dec 20 12:53:33.517 2015] 0.000 sec 0.000 sec [ext2/1/ext 487 (20,20)] [page_core] доктрина
[Sun Dec 20 12:53:40.418 2015] 0.000 sec 0.000 sec [ext2/1/ext 487 (0,20)] [page_core] доктрина
[Sun Dec 20 12:53:40.432 2015] 0.000 sec 0.000 sec [ext2/1/ext 2 (0,1000) @book_category_id] [page_core] доктрина
[Sun Dec 20 12:53:40.451 2015] 0.000 sec 0.000 sec [ext2/1/ext 487 (0,20)] [page_core] доктрина
[Sun Dec 20 12:56:32.672 2015] 0.000 sec 0.000 sec [ext2/1/ext 487 (0,20)] [page_core] доктрина
[Sun Dec 20 12:56:32.686 2015] 0.000 sec 0.000 sec [ext2/1/ext 2 (0,1000) @book_category_id] [page_core] доктрина
[Sun Dec 20 12:56:32.705 2015] 0.000 sec 0.000 sec [ext2/1/ext 487 (20,20)] [page_core] доктрина
[Sun Dec 20 12:56:50.715 2015] 0.000 sec 0.000 sec [ext2/1/ext 487 (0,20)] [page_core] доктрина
[Sun Dec 20 12:56:50.728 2015] 0.000 sec 0.000 sec [ext2/1/ext 2 (0,1000) @book_category_id] [page_core] доктрина
[Sun Dec 20 12:56:50.759 2015] 0.000 sec 0.000 sec [ext2/1/ext 487 (20,20)] [page_core] доктрина
[Sun Dec 20 12:57:25.586 2015] 0.000 sec 0.000 sec [ext2/1/ext 487 (0,20)] [page_core] доктрина
[Sun Dec 20 12:57:25.601 2015] 0.000 sec 0.000 sec [ext2/1/ext 2 (0,1000) @book_category_id] [page_core] доктрина
[Sun Dec 20 12:57:25.634 2015] 0.000 sec 0.000 sec [ext2/1/ext 487 (20,20)] [page_core] доктрина
[Sun Dec 20 12:57:34.050 2015] 0.000 sec 0.000 sec [ext2/1/ext 487 (0,20)] [page_core] доктрина
[Sun Dec 20 12:57:34.065 2015] 0.000 sec 0.000 sec [ext2/1/ext 2 (0,1000) @book_category_id] [page_core] доктрина
[Sun Dec 20 12:57:34.085 2015] 0.000 sec 0.000 sec [ext2/1/ext 487 (20,20)] [page_core] доктрина
[Sun Dec 20 12:57:48.272 2015] 0.000 sec 0.000 sec [ext2/1/ext 487 (0,20)] [page_core] доктрина
[Sun Dec 20 12:57:48.287 2015] 0.000 sec 0.000 sec [ext2/1/ext 2 (0,1000) @book_category_id] [page_core] доктрина
[Sun Dec 20 12:57:48.306 2015] 0.000 sec 0.000 sec [ext2/1/ext 487 (20,20)] [page_core] доктрина
[Sun Dec 20 12:57:53.498 2015] 0.000 sec 0.000 sec [ext2/1/ext 487 (0,20)] [page_core] доктрина
[Sun Dec 20 12:57:53.512 2015] 0.000 sec 0.000 sec [ext2/1/ext 2 (0,1000) @book_category_id] [page_core] доктрина
[Sun Dec 20 12:57:53.530 2015] 0.000 sec 0.000 sec [ext2/1/ext 487 (40,20)] [page_core] доктрина
[Sun Dec 20 12:57:57.471 2015] 0.000 sec 0.000 sec [ext2/1/ext 487 (0,20)] [page_core] доктрина
[Sun Dec 20 12:57:57.486 2015] 0.000 sec 0.000 sec [ext2/1/ext 2 (0,1000) @book_category_id] [page_core] доктрина
[Sun Dec 20 12:57:57.506 2015] 0.000 sec 0.000 sec [ext2/1/ext 487 (60,20)] [page_core] доктрина
[Sun Dec 20 12:58:03.702 2015] 0.000 sec 0.000 sec [ext2/1/ext 487 (0,20)] [page_core] доктрина
[Sun Dec 20 12:58:03.716 2015] 0.000 sec 0.000 sec [ext2/1/ext 2 (0,1000) @book_category_id] [page_core] доктрина
[Sun Dec 20 12:58:03.756 2015] 0.000 sec 0.000 sec [ext2/1/ext 487 (60,20)] [page_core] доктрина
[Sun Dec 20 13:00:42.234 2015] 0.000 sec 0.000 sec [ext2/1/ext 487 (0,20)] [page_core] доктрина
[Sun Dec 20 13:00:42.248 2015] 0.000 sec 0.000 sec [ext2/1/ext 2 (0,1000) @book_category_id] [page_core] доктрина
[Sun Dec 20 13:00:42.266 2015] 0.000 sec 0.000 sec [ext2/1/ext 487 (60,20)] [page_core] доктрина
[Sun Dec 20 13:00:54.986 2015] 0.000 sec 0.000 sec [ext2/1/ext 487 (0,20)] [page_core] доктрина
[Sun Dec 20 13:00:55.000 2015] 0.000 sec 0.000 sec [ext2/1/ext 2 (0,1000) @book_category_id] [page_core] доктрина
[Sun Dec 20 13:00:55.028 2015] 0.000 sec 0.000 sec [ext2/1/ext 487 (60,20)] [page_core] доктрина
[Sun Dec 20 20:55:59.825 2015] 0.000 sec 0.000 sec [ext2/1/ext 487 (0,20)] [page_core] доктрина
[Sun Dec 20 20:55:59.850 2015] 0.000 sec 0.000 sec [ext2/1/ext 2 (0,1000) @book_category_id] [page_core] доктрина
[Sun Dec 20 20:55:59.921 2015] 0.000 sec 0.000 sec [ext2/1/ext 487 (60,20)] [page_core] доктрина
[Sun Dec 20 20:56:30.723 2015] 0.000 sec 0.000 sec [ext2/1/ext 487 (0,20)] [page_core] доктрина
[Sun Dec 20 20:56:30.739 2015] 0.000 sec 0.000 sec [ext2/1/ext 2 (0,1000) @book_category_id] [page_core] доктрина
[Sun Dec 20 20:56:30.775 2015] 0.000 sec 0.000 sec [ext2/1/ext 487 (60,20)] [page_core] доктрина
[Sun Dec 20 21:00:35.599 2015] 0.000 sec 0.000 sec [ext2/1/ext 254 (0,20)] [page_core] =доктрина
[Sun Dec 20 21:00:35.623 2015] 0.000 sec 0.000 sec [ext2/1/ext 2 (0,1000) @book_category_id] [page_core] =доктрина
[Sun Dec 20 21:00:35.678 2015] 0.000 sec 0.000 sec [ext2/1/ext 254 (60,20)] [page_core] =доктрина
[Sun Dec 20 21:00:47.924 2015] 0.000 sec 0.000 sec [ext2/1/ext 254 (0,20)] [page_core] =доктрина
[Sun Dec 20 21:00:47.942 2015] 0.000 sec 0.000 sec [ext2/1/ext 2 (0,1000) @book_category_id] [page_core] =доктрина
[Sun Dec 20 21:00:47.961 2015] 0.000 sec 0.000 sec [ext2/1/ext 254 (60,20)] [page_core] =доктрина
[Sun Dec 20 21:17:41.586 2015] 0.000 sec 0.000 sec [ext2/1/ext 254 (0,20)] [page_core] =доктрина
[Sun Dec 20 21:17:41.610 2015] 0.000 sec 0.000 sec [ext2/1/ext 2 (0,1000) @book_category_id] [page_core] =доктрина
[Sun Dec 20 21:17:41.676 2015] 0.000 sec 0.000 sec [ext2/1/ext 254 (60,20)] [page_core] =доктрина
[Sun Dec 20 21:17:49.926 2015] 0.000 sec 0.000 sec [ext2/1/ext 254 (0,20)] [page_core] =доктрина
[Sun Dec 20 21:17:49.948 2015] 0.000 sec 0.000 sec [ext2/1/ext 2 (0,1000) @book_category_id] [page_core] =доктрина
[Sun Dec 20 21:17:49.998 2015] 0.000 sec 0.000 sec [ext2/1/ext 254 (60,20)] [page_core] =доктрина
[Sun Dec 20 21:19:08.269 2015] 0.000 sec 0.000 sec [ext2/1/ext 254 (0,20)] [page_core] =доктрина
[Sun Dec 20 21:19:08.283 2015] 0.000 sec 0.000 sec [ext2/1/ext 2 (0,1000) @book_category_id] [page_core] =доктрина
[Sun Dec 20 21:19:08.307 2015] 0.000 sec 0.000 sec [ext2/1/ext 254 (0,20)] [page_core] =доктрина
[Sun Dec 20 21:19:23.222 2015] 0.000 sec 0.000 sec [ext2/1/ext 254 (0,20)] [page_core] =доктрина
[Sun Dec 20 21:19:23.237 2015] 0.000 sec 0.000 sec [ext2/1/ext 2 (0,1000) @book_category_id] [page_core] =доктрина
[Sun Dec 20 21:19:23.258 2015] 0.000 sec 0.000 sec [ext2/1/ext 254 (20,20)] [page_core] =доктрина
[Sun Dec 20 21:19:28.401 2015] 0.000 sec 0.000 sec [ext2/1/ext 254 (0,20)] [page_core] =доктрина
[Sun Dec 20 21:19:28.416 2015] 0.000 sec 0.000 sec [ext2/1/ext 2 (0,1000) @book_category_id] [page_core] =доктрина
[Sun Dec 20 21:19:28.437 2015] 0.000 sec 0.000 sec [ext2/1/ext 254 (40,20)] [page_core] =доктрина
[Sun Dec 20 21:19:33.308 2015] 0.000 sec 0.000 sec [ext2/1/ext 254 (0,20)] [page_core] =доктрина
[Sun Dec 20 21:19:33.322 2015] 0.000 sec 0.000 sec [ext2/1/ext 2 (0,1000) @book_category_id] [page_core] =доктрина
[Sun Dec 20 21:19:33.344 2015] 0.000 sec 0.000 sec [ext2/1/ext 254 (60,20)] [page_core] =доктрина
[Sun Dec 20 21:20:24.614 2015] 0.000 sec 0.000 sec [ext2/1/ext 487 (0,20)] [page_core] доктрина
[Sun Dec 20 21:20:24.631 2015] 0.000 sec 0.000 sec [ext2/1/ext 2 (0,1000) @book_category_id] [page_core] доктрина
[Sun Dec 20 21:20:24.651 2015] 0.000 sec 0.000 sec [ext2/1/ext 487 (60,20)] [page_core] доктрина
[Sun Dec 20 21:20:34.593 2015] 0.000 sec 0.000 sec [ext2/1/ext 254 (0,20)] [page_core] =доктрина
[Sun Dec 20 21:20:34.608 2015] 0.000 sec 0.000 sec [ext2/1/ext 2 (0,1000) @book_category_id] [page_core] =доктрина
[Sun Dec 20 21:20:34.628 2015] 0.000 sec 0.000 sec [ext2/1/ext 254 (60,20)] [page_core] =доктрина
[Sun Dec 20 21:22:16.396 2015] 0.000 sec 0.000 sec [ext2/1/ext 254 (0,20)] [page_core] =доктрина
[Sun Dec 20 21:22:16.410 2015] 0.000 sec 0.000 sec [ext2/1/ext 2 (0,1000) @book_category_id] [page_core] =доктрина
[Sun Dec 20 21:22:16.432 2015] 0.000 sec 0.000 sec [ext2/1/ext 254 (60,20)] [page_core] =доктрина
[Sun Dec 20 21:27:11.025 2015] 0.000 sec 0.000 sec [ext2/2/ext 153 (0,20)] [page_core] доктрина
[Sun Dec 20 21:27:11.041 2015] 0.000 sec 0.000 sec [ext2/1/ext 2 (0,1000) @book_category_id] [page_core] доктрина
[Sun Dec 20 21:27:11.065 2015] 0.000 sec 0.000 sec [ext2/2/ext 153 (0,20)] [page_core] доктрина
[Sun Dec 20 21:27:29.184 2015] 0.000 sec 0.000 sec [ext2/1/ext 254 (0,20)] [page_core] =доктрина
[Sun Dec 20 21:27:29.198 2015] 0.000 sec 0.000 sec [ext2/1/ext 2 (0,1000) @book_category_id] [page_core] =доктрина
[Sun Dec 20 21:27:29.221 2015] 0.000 sec 0.000 sec [ext2/1/ext 254 (0,20)] [page_core] =доктрина
[Sun Dec 20 21:27:33.288 2015] 0.000 sec 0.000 sec [ext2/1/ext 254 (0,20)] [page_core] =доктрина
[Sun Dec 20 21:27:33.303 2015] 0.000 sec 0.000 sec [ext2/1/ext 2 (0,1000) @book_category_id] [page_core] =доктрина
[Sun Dec 20 21:27:33.325 2015] 0.000 sec 0.000 sec [ext2/1/ext 254 (60,20)] [page_core] =доктрина
[Sun Dec 20 21:27:50.986 2015] 0.000 sec 0.000 sec [ext2/1/ext 254 (0,20)] [page_core] =доктрина
[Sun Dec 20 21:27:51.000 2015] 0.000 sec 0.000 sec [ext2/1/ext 2 (0,1000) @book_category_id] [page_core] =доктрина
[Sun Dec 20 21:27:51.019 2015] 0.000 sec 0.000 sec [ext2/1/ext 254 (0,20)] [page_core] =доктрина
[Sun Dec 20 21:28:32.357 2015] 0.000 sec 0.000 sec [ext2/1/ext 223 (0,20)] [page_core] =тайная =доктрина
[Sun Dec 20 21:28:32.372 2015] 0.000 sec 0.000 sec [ext2/1/ext 2 (0,1000) @book_category_id] [page_core] =тайная =доктрина
[Sun Dec 20 21:28:32.398 2015] 0.000 sec 0.000 sec [ext2/1/ext 223 (0,20)] [page_core] =тайная =доктрина
[Sun Dec 20 21:28:52.078 2015] 0.000 sec 0.000 sec [ext2/1/ext 446 (0,20)] [page_core] тайная доктрина
[Sun Dec 20 21:28:52.093 2015] 0.000 sec 0.000 sec [ext2/1/ext 2 (0,1000) @book_category_id] [page_core] тайная доктрина
[Sun Dec 20 21:28:52.114 2015] 0.000 sec 0.000 sec [ext2/1/ext 446 (0,20)] [page_core] тайная доктрина
[Sun Dec 20 21:35:53.627 2015] 0.000 sec 0.000 sec [ext2/1/ext 694 (0,20)] [page_core] тайная | доктрина
[Sun Dec 20 21:35:53.658 2015] 0.000 sec 0.000 sec [ext2/1/ext 2 (0,1000) @book_category_id] [page_core] тайная | доктрина
[Sun Dec 20 21:35:53.704 2015] 0.000 sec 0.000 sec [ext2/1/ext 694 (0,20)] [page_core] тайная | доктрина
[Sun Dec 20 21:36:00.942 2015] 0.000 sec 0.000 sec [ext2/1/ext 694 (0,20)] [page_core] тайная | доктрина
[Sun Dec 20 21:36:00.957 2015] 0.000 sec 0.000 sec [ext2/1/ext 2 (0,1000) @book_category_id] [page_core] тайная | доктрина
[Sun Dec 20 21:36:00.978 2015] 0.000 sec 0.000 sec [ext2/1/ext 694 (0,20)] [page_core] тайная | доктрина
[Sun Dec 20 21:36:08.380 2015] 0.000 sec 0.000 sec [ext2/1/ext 694 (0,20)] [page_core] тайная | доктрина
[Sun Dec 20 21:36:08.395 2015] 0.000 sec 0.000 sec [ext2/1/ext 2 (0,1000) @book_category_id] [page_core] тайная | доктрина
[Sun Dec 20 21:36:08.417 2015] 0.000 sec 0.000 sec [ext2/1/ext 694 (660,20)] [page_core] тайная | доктрина
[Sun Dec 20 21:36:33.338 2015] 0.000 sec 0.000 sec [ext2/1/ext 694 (0,20)] [page_core] тайная | доктрина
[Sun Dec 20 21:36:33.355 2015] 0.001 sec 0.001 sec [ext2/1/ext 2 (0,1000) @book_category_id] [page_core] тайная | доктрина
[Sun Dec 20 21:36:33.379 2015] 0.000 sec 0.000 sec [ext2/1/ext 694 (660,20)] [page_core] тайная | доктрина
[Sun Dec 20 21:36:39.548 2015] 0.000 sec 0.000 sec [ext2/1/ext 446 (0,20)] [page_core] тайная доктрина
[Sun Dec 20 21:36:39.576 2015] 0.000 sec 0.000 sec [ext2/1/ext 2 (0,1000) @book_category_id] [page_core] тайная доктрина
[Sun Dec 20 21:36:39.627 2015] 0.000 sec 0.000 sec [ext2/1/ext 446 (440,20)] [page_core] тайная доктрина
[Sun Dec 20 21:36:56.654 2015] 0.000 sec 0.000 sec [ext2/1/ext 446 (0,20)] [page_core] тайная доктрина
[Sun Dec 20 21:36:56.669 2015] 0.000 sec 0.000 sec [ext2/1/ext 2 (0,1000) @book_category_id] [page_core] тайная доктрина
[Sun Dec 20 21:36:56.689 2015] 0.000 sec 0.000 sec [ext2/1/ext 446 (440,20)] [page_core] тайная доктрина
[Sun Dec 20 21:37:03.553 2015] 0.000 sec 0.000 sec [ext2/1/ext 694 (0,20)] [page_core] тайная | доктрина
[Sun Dec 20 21:37:03.577 2015] 0.000 sec 0.000 sec [ext2/1/ext 2 (0,1000) @book_category_id] [page_core] тайная | доктрина
[Sun Dec 20 21:37:03.626 2015] 0.000 sec 0.000 sec [ext2/1/ext 694 (660,20)] [page_core] тайная | доктрина
[Sun Dec 20 21:42:52.745 2015] 0.000 sec 0.000 sec [ext2/1/ext 694 (0,20)] [page_core] тайная | доктрина
[Sun Dec 20 21:42:52.759 2015] 0.000 sec 0.000 sec [ext2/1/ext 2 (0,1000) @book_category_id] [page_core] тайная | доктрина
[Sun Dec 20 21:42:52.780 2015] 0.000 sec 0.000 sec [ext2/1/ext 694 (0,20)] [page_core] тайная | доктрина
[Sun Dec 20 22:37:16.053 2015] 0.000 sec 0.000 sec [ext2/1/ext 694 (0,20)] [page_core] тайная | доктрина
[Sun Dec 20 22:37:16.085 2015] 0.000 sec 0.000 sec [ext2/1/ext 2 (0,1000) @book_category_id] [page_core] тайная | доктрина
[Sun Dec 20 22:37:16.137 2015] 0.000 sec 0.000 sec [ext2/1/ext 694 (0,20)] [page_core] тайная | доктрина
[Sun Dec 20 22:37:33.177 2015] 0.000 sec 0.000 sec [ext2/1/ext 694 (0,20)] [page_core] тайная | доктрина
[Sun Dec 20 22:37:33.198 2015] 0.000 sec 0.000 sec [ext2/1/ext 2 (0,1000) @book_category_id] [page_core] тайная | доктрина
[Sun Dec 20 22:37:33.221 2015] 0.000 sec 0.000 sec [ext2/1/ext 694 (20,20)] [page_core] тайная | доктрина
[Sun Dec 20 22:40:25.947 2015] 0.000 sec 0.000 sec [ext2/1/ext 694 (0,20)] [page_core] тайная | доктрина
[Sun Dec 20 22:40:25.971 2015] 0.000 sec 0.000 sec [ext2/1/ext 2 (0,1000) @book_category_id] [page_core] тайная | доктрина
[Sun Dec 20 22:40:26.034 2015] 0.000 sec 0.000 sec [ext2/1/ext 694 (20,20)] [page_core] тайная | доктрина
[Sun Dec 20 22:41:21.722 2015] 0.000 sec 0.000 sec [ext2/1/ext 694 (0,20)] [page_core] тайная | доктрина
[Sun Dec 20 22:41:21.737 2015] 0.000 sec 0.000 sec [ext2/1/ext 2 (0,1000) @book_category_id] [page_core] тайная | доктрина
[Sun Dec 20 22:41:21.774 2015] 0.000 sec 0.000 sec [ext2/1/ext 694 (20,20)] [page_core] тайная | доктрина
[Sun Dec 20 22:42:05.733 2015] 0.000 sec 0.000 sec [ext2/1/ext 694 (0,20)] [page_core] тайная | доктрина
[Sun Dec 20 22:42:05.752 2015] 0.000 sec 0.000 sec [ext2/1/ext 2 (0,1000) @book_category_id] [page_core] тайная | доктрина
[Sun Dec 20 22:42:05.785 2015] 0.000 sec 0.000 sec [ext2/1/ext 694 (20,20)] [page_core] тайная | доктрина
[Sun Dec 20 22:42:23.545 2015] 0.000 sec 0.000 sec [ext2/1/ext 694 (0,20)] [page_core] тайная | доктрина
[Sun Dec 20 22:42:23.559 2015] 0.000 sec 0.000 sec [ext2/1/ext 2 (0,1000) @book_category_id] [page_core] тайная | доктрина
[Sun Dec 20 22:42:23.594 2015] 0.000 sec 0.000 sec [ext2/1/ext 694 (20,20)] [page_core] тайная | доктрина
[Sun Dec 20 22:42:33.361 2015] 0.000 sec 0.000 sec [ext2/1/ext 694 (0,20)] [page_core] тайная | доктрина
[Sun Dec 20 22:42:33.377 2015] 0.000 sec 0.000 sec [ext2/1/ext 2 (0,1000) @book_category_id] [page_core] тайная | доктрина
[Sun Dec 20 22:43:03.338 2015] 0.000 sec 0.000 sec [ext2/1/ext 694 (0,20)] [page_core] тайная | доктрина
[Sun Dec 20 22:43:03.353 2015] 0.000 sec 0.000 sec [ext2/1/ext 2 (0,1000) @book_category_id] [page_core] тайная | доктрина
[Sun Dec 20 22:43:08.819 2015] 0.000 sec 0.000 sec [ext2/1/ext 694 (0,20)] [page_core] тайная | доктрина
[Sun Dec 20 22:43:08.844 2015] 0.000 sec 0.000 sec [ext2/1/ext 2 (0,1000) @book_category_id] [page_core] тайная | доктрина
[Sun Dec 20 22:43:08.897 2015] 0.000 sec 0.000 sec [ext2/1/ext 694 (20,20)] [page_core] тайная | доктрина
[Sun Dec 20 22:43:39.128 2015] 0.000 sec 0.000 sec [ext2/1/ext 694 (0,20)] [page_core] тайная | доктрина
[Sun Dec 20 22:43:39.143 2015] 0.000 sec 0.000 sec [ext2/1/ext 2 (0,1000) @book_category_id] [page_core] тайная | доктрина
[Sun Dec 20 22:43:39.169 2015] 0.000 sec 0.000 sec [ext2/1/ext 694 (20,20)] [page_core] тайная | доктрина
[Sun Dec 20 22:43:44.433 2015] 0.000 sec 0.000 sec [ext2/1/ext 694 (0,20)] [page_core] тайная | доктрина
[Sun Dec 20 22:43:44.463 2015] 0.000 sec 0.000 sec [ext2/1/ext 2 (0,1000) @book_category_id] [page_core] тайная | доктрина
[Sun Dec 20 22:43:44.519 2015] 0.000 sec 0.000 sec [ext2/1/ext 694 (5,5)] [page_core] тайная | доктрина
[Sun Dec 20 22:43:54.337 2015] 0.000 sec 0.000 sec [ext2/1/ext 694 (0,20)] [page_core] тайная | доктрина
[Sun Dec 20 22:43:54.351 2015] 0.000 sec 0.000 sec [ext2/1/ext 2 (0,1000) @book_category_id] [page_core] тайная | доктрина
[Sun Dec 20 22:43:54.372 2015] 0.000 sec 0.000 sec [ext2/1/ext 694 (20,5)] [page_core] тайная | доктрина
[Sun Dec 20 22:44:00.169 2015] 0.000 sec 0.000 sec [ext2/1/ext 694 (0,20)] [page_core] тайная | доктрина
[Sun Dec 20 22:44:00.184 2015] 0.000 sec 0.000 sec [ext2/1/ext 2 (0,1000) @book_category_id] [page_core] тайная | доктрина
[Sun Dec 20 22:44:00.206 2015] 0.000 sec 0.000 sec [ext2/1/ext 694 (160,40)] [page_core] тайная | доктрина
[Sun Dec 20 22:44:10.288 2015] 0.000 sec 0.000 sec [ext2/1/ext 694 (0,20)] [page_core] тайная | доктрина
[Sun Dec 20 22:44:10.303 2015] 0.000 sec 0.000 sec [ext2/1/ext 2 (0,1000) @book_category_id] [page_core] тайная | доктрина
[Sun Dec 20 22:44:10.325 2015] 0.000 sec 0.000 sec [ext2/1/ext 694 (200,40)] [page_core] тайная | доктрина
[Sun Dec 20 22:48:14.300 2015] 0.000 sec 0.000 sec [ext2/1/ext 694 (0,20)] [page_core] тайная | доктрина
[Sun Dec 20 22:48:14.327 2015] 0.000 sec 0.000 sec [ext2/1/ext 2 (0,10) @book_category_id] [page_core] тайная | доктрина
[Sun Dec 20 22:48:14.394 2015] 0.000 sec 0.000 sec [ext2/1/ext 694 (200,40)] [page_core] тайная | доктрина
[Sun Dec 20 22:48:34.011 2015] 0.000 sec 0.000 sec [ext2/1/ext 694 (0,20)] [page_core] тайная | доктрина
[Sun Dec 20 22:48:34.027 2015] 0.000 sec 0.000 sec [ext2/1/ext 2 (0,10) @book_category_id] [page_core] тайная | доктрина
[Sun Dec 20 22:48:34.069 2015] 0.000 sec 0.000 sec [ext2/1/ext 694 (200,40)] [page_core] тайная | доктрина
[Sun Dec 20 22:51:54.136 2015] 0.000 sec 0.000 sec [ext2/1/ext 694 (0,20)] [page_core] тайная | доктрина
[Sun Dec 20 22:51:54.160 2015] 0.000 sec 0.000 sec [ext2/1/ext 2 (0,1000) @book_category_id] [page_core] тайная | доктрина
[Sun Dec 20 22:51:54.213 2015] 0.000 sec 0.000 sec [ext2/1/ext 694 (200,40)] [page_core] тайная | доктрина
[Sun Dec 20 23:17:39.761 2015] 0.000 sec 0.000 sec [ext2/1/ext 694 (0,20)] [page_core] тайная | доктрина | фывфывфы
[Sun Dec 20 23:17:39.776 2015] 0.000 sec 0.000 sec [ext2/1/ext 2 (0,1000) @book_category_id] [page_core] тайная | доктрина | фывфывфы
[Sun Dec 20 23:17:39.801 2015] 0.000 sec 0.000 sec [ext2/1/ext 694 (200,40)] [page_core] тайная | доктрина | фывфывфы
[Sun Dec 20 23:18:01.651 2015] 0.000 sec 0.000 sec [ext2/1/ext 0 (0,20)] [page_core] фвыфвфывфы
[Sun Dec 20 23:18:01.658 2015] 0.000 sec 0.000 sec [ext2/1/ext 0 (0,1000) @book_category_id] [page_core] фвыфвфывфы
[Sun Dec 20 23:18:54.779 2015] 0.000 sec 0.000 sec [ext2/1/ext 0 (0,20)] [page_core] фвыфвфывфы
[Sun Dec 20 23:18:56.007 2015] 0.000 sec 0.000 sec [ext2/1/ext 0 (0,1000) @book_category_id] [page_core] фвыфвфывфы
[Sun Dec 20 23:19:48.334 2015] 0.000 sec 0.000 sec [ext2/1/ext 0 (0,20)] [page_core] фвыфвфывфы
[Sun Dec 20 23:19:48.344 2015] 0.000 sec 0.000 sec [ext2/1/ext 0 (0,1000) @book_category_id] [page_core] фвыфвфывфы
[Sun Dec 20 23:21:00.916 2015] 0.000 sec 0.000 sec [ext2/1/ext 0 (0,20)] [page_core] фвыфвфывфы
[Sun Dec 20 23:21:00.921 2015] 0.000 sec 0.000 sec [ext2/1/ext 0 (0,1000) @book_category_id] [page_core] фвыфвфывфы
[Sun Dec 20 23:21:47.794 2015] 0.000 sec 0.000 sec [ext2/1/ext 0 (0,20)] [page_core] фвыфвфывфы
[Sun Dec 20 23:21:47.801 2015] 0.000 sec 0.000 sec [ext2/1/ext 0 (0,1000) @book_category_id] [page_core] фвыфвфывфы
[Sun Dec 20 23:23:52.841 2015] 0.000 sec 0.000 sec [ext2/1/ext 0 (0,20)] [page_core] фвыфвфывфы
[Sun Dec 20 23:23:52.849 2015] 0.000 sec 0.000 sec [ext2/1/ext 0 (0,1000) @book_category_id] [page_core] фвыфвфывфы
[Sun Dec 20 23:23:58.207 2015] 0.000 sec 0.000 sec [ext2/1/ext 0 (0,20)] [page_core] фвыфвфывфы
[Sun Dec 20 23:23:58.214 2015] 0.000 sec 0.000 sec [ext2/1/ext 0 (0,1000) @book_category_id] [page_core] фвыфвфывфы
[Sun Dec 20 23:23:58.230 2015] 0.000 sec 0.000 sec [ext2/1/ext 0 (0,40)] [page_core] фвыфвфывфы
[Sun Dec 20 23:24:12.351 2015] 0.000 sec 0.000 sec [ext2/1/ext 0 (0,20)] [page_core] фвыфвфывфы
[Sun Dec 20 23:24:12.356 2015] 0.000 sec 0.000 sec [ext2/1/ext 0 (0,1000) @book_category_id] [page_core] фвыфвфывфы
[Sun Dec 20 23:24:12.362 2015] 0.000 sec 0.000 sec [ext2/1/ext 0 (0,40)] [page_core] фвыфвфывфы
[Sun Dec 20 23:49:50.781 2015] 0.000 sec 0.000 sec [ext2/2/ext 132 (0,20)] [page_core] доктрина
[Sun Dec 20 23:49:50.808 2015] 0.000 sec 0.000 sec [ext2/1/ext 2 (0,1000) @book_category_id] [page_core] доктрина
[Sun Dec 20 23:49:50.836 2015] 0.000 sec 0.000 sec [ext2/2/ext 132 (0,20)] [page_core] доктрина
[Sun Dec 20 23:50:03.653 2015] 0.000 sec 0.000 sec [ext2/2/ext 487 (0,20)] [page_core] доктрина
[Sun Dec 20 23:50:03.667 2015] 0.000 sec 0.000 sec [ext2/1/ext 2 (0,1000) @book_category_id] [page_core] доктрина
[Sun Dec 20 23:50:03.691 2015] 0.000 sec 0.000 sec [ext2/2/ext 487 (0,20)] [page_core] доктрина
[Mon Dec 21 00:02:14.678 2015] 0.000 sec 0.000 sec [ext2/2/ext 487 (0,20)] [page_core] доктрина
[Mon Dec 21 00:02:14.702 2015] 0.000 sec 0.000 sec [ext2/1/ext 2 (0,1000) @book_category_id] [page_core] доктрина
[Mon Dec 21 00:02:14.787 2015] 0.000 sec 0.000 sec [ext2/2/ext 487 (0,20)] [page_core] доктрина
[Mon Dec 21 00:02:26.979 2015] 0.000 sec 0.000 sec [ext2/2/ext 132 (0,20)] [page_core] доктрина
[Mon Dec 21 00:02:27.006 2015] 0.000 sec 0.000 sec [ext2/1/ext 2 (0,1000) @book_category_id] [page_core] доктрина
[Mon Dec 21 00:02:27.070 2015] 0.000 sec 0.000 sec [ext2/2/ext 132 (0,20)] [page_core] доктрина
[Mon Dec 21 00:02:40.622 2015] 0.000 sec 0.000 sec [ext2/1/ext 487 (0,20)] [page_core] доктрина
[Mon Dec 21 00:02:40.637 2015] 0.000 sec 0.000 sec [ext2/1/ext 2 (0,1000) @book_category_id] [page_core] доктрина
[Mon Dec 21 00:02:40.665 2015] 0.000 sec 0.000 sec [ext2/1/ext 487 (0,20)] [page_core] доктрина
[Mon Dec 21 00:02:48.020 2015] 0.000 sec 0.000 sec [ext2/1/ext 487 (0,20)] [page_core] доктрина
[Mon Dec 21 00:02:48.034 2015] 0.000 sec 0.000 sec [ext2/1/ext 2 (0,1000) @book_category_id] [page_core] доктрина
[Mon Dec 21 00:02:48.062 2015] 0.000 sec 0.000 sec [ext2/1/ext 487 (0,20)] [page_core] доктрина
[Mon Dec 21 00:02:55.973 2015] 0.000 sec 0.000 sec [ext2/1/ext 487 (0,20)] [page_core] доктрина
[Mon Dec 21 00:02:55.988 2015] 0.000 sec 0.000 sec [ext2/1/ext 2 (0,1000) @book_category_id] [page_core] доктрина
[Mon Dec 21 00:02:56.017 2015] 0.000 sec 0.000 sec [ext2/1/ext 487 (0,20)] [page_core] доктрина
[Mon Dec 21 00:09:46.246 2015] 0.000 sec 0.000 sec [ext2/2/ext 132 (0,20)] [page_core] доктрина
[Mon Dec 21 00:09:46.278 2015] 0.000 sec 0.000 sec [ext2/1/ext 2 (0,1000) @book_category_id] [page_core] доктрина
[Mon Dec 21 00:09:46.320 2015] 0.000 sec 0.000 sec [ext2/2/ext 132 (0,20)] [page_core] доктрина
[Mon Dec 21 00:17:51.628 2015] 0.000 sec 0.000 sec [ext2/2/ext 132 (0,20)] [page_core] доктрина
[Mon Dec 21 00:17:51.652 2015] 0.000 sec 0.000 sec [ext2/1/ext 2 (0,1000) @book_category_id] [page_core] доктрина
[Mon Dec 21 00:17:51.694 2015] 0.000 sec 0.000 sec [ext2/2/ext 132 (0,20)] [page_core] доктрина
[Mon Dec 21 00:18:06.721 2015] 0.000 sec 0.000 sec [ext2/2/ext 487 (0,20)] [page_core] доктрина
[Mon Dec 21 00:18:06.737 2015] 0.000 sec 0.000 sec [ext2/1/ext 2 (0,1000) @book_category_id] [page_core] доктрина
[Mon Dec 21 00:18:06.761 2015] 0.000 sec 0.000 sec [ext2/2/ext 487 (0,20)] [page_core] доктрина
